[ 2016-09-16T08:35:04+08:00 ] 127.0.0.1 /index.php/Admin/
INFO: [ app_init ] --START--
INFO: Run Behavior\BuildLiteBehavior [ RunTime:0.000019s ]
INFO: [ app_init ] --END-- [ RunTime:0.000785s ]
INFO: [ app_begin ] --START--
INFO: Run Behavior\ReadHtmlCacheBehavior [ RunTime:0.001142s ]
INFO: [ app_begin ] --END-- [ RunTime:0.001224s ]

[ 2016-09-16T08:35:05+08:00 ] 127.0.0.1 /index.php/Admin/Public/login.html
INFO: [ app_init ] --START--
INFO: Run Behavior\BuildLiteBehavior [ RunTime:0.000034s ]
INFO: [ app_init ] --END-- [ RunTime:0.001078s ]
INFO: [ app_begin ] --START--
INFO: Run Behavior\ReadHtmlCacheBehavior [ RunTime:0.001351s ]
INFO: [ app_begin ] --END-- [ RunTime:0.001496s ]
INFO: [ view_parse ] --START--
INFO: [ template_filter ] --START--
INFO: Run Behavior\ContentReplaceBehavior [ RunTime:0.000189s ]
INFO: [ template_filter ] --END-- [ RunTime:0.000272s ]
INFO: Run Behavior\ParseTemplateBehavior [ RunTime:0.021552s ]
INFO: [ view_parse ] --END-- [ RunTime:0.021637s ]
INFO: [ view_filter ] --START--
INFO: Run Behavior\WriteHtmlCacheBehavior [ RunTime:0.000757s ]
INFO: [ view_filter ] --END-- [ RunTime:0.000820s ]
INFO: [ app_end ] --START--
INFO: Run Behavior\ShowPageTraceBehavior [ RunTime:0.001082s ]
INFO: [ app_end ] --END-- [ RunTime:0.001152s ]

[ 2016-09-16T08:35:05+08:00 ] 127.0.0.1 /index.php/Admin/Public/verify.html?t=0.8228912657094685
INFO: [ app_init ] --START--
INFO: Run Behavior\BuildLiteBehavior [ RunTime:0.000009s ]
INFO: [ app_init ] --END-- [ RunTime:0.000350s ]
INFO: [ app_begin ] --START--
INFO: Run Behavior\ReadHtmlCacheBehavior [ RunTime:0.000539s ]
INFO: [ app_begin ] --END-- [ RunTime:0.000581s ]
INFO: [ app_end ] --START--
INFO: Run Behavior\ShowPageTraceBehavior [ RunTime:0.001692s ]
INFO: [ app_end ] --END-- [ RunTime:0.001834s ]

[ 2016-09-16T08:35:12+08:00 ] 127.0.0.1 /index.php/Admin/Public/login.html
INFO: [ app_init ] --START--
INFO: Run Behavior\BuildLiteBehavior [ RunTime:0.000008s ]
INFO: [ app_init ] --END-- [ RunTime:0.000253s ]
INFO: [ app_begin ] --START--
INFO: Run Behavior\ReadHtmlCacheBehavior [ RunTime:0.000313s ]
INFO: [ app_begin ] --END-- [ RunTime:0.000344s ]
SQL: SHOW COLUMNS FROM `sc_manager` [ RunTime:0.1649s ]
SQL: SELECT * FROM `sc_manager` WHERE `username` = 'admin' AND `password` = 'bf718be634272ecc25bf48246206ba64' AND `status` = 1 LIMIT 1   [ RunTime:0.0002s ]
SQL: UPDATE `sc_manager` SET `last_login_time`='1473986112',`last_login_ip`='2130706433' WHERE `id` = 1 [ RunTime:0.1060s ]
SQL: SHOW COLUMNS FROM `sc_action` [ RunTime:0.0747s ]
SQL: SELECT * FROM `sc_action` WHERE `name` = 'user_login' LIMIT 1   [ RunTime:0.0006s ]
NOTIC: [8] Undefined variable: uid E:\www\sc-csm\Application\Common\Common\function.php 第 63 行.
SQL: SHOW COLUMNS FROM `sc_action_log` [ RunTime:0.0430s ]
SQL: INSERT INTO `sc_action_log` (`action_id`,`user_id`,`action_ip`,`model`,`record_id`,`create_time`,`remark`) VALUES ('1','1','2130706433','Manager','1','1473986111','管理员在2016-09-16 08:35登录了后台') [ RunTime:0.1169s ]

[ 2016-09-16T08:35:13+08:00 ] 127.0.0.1 /index.php/Admin/Index/index.html
INFO: [ app_init ] --START--
INFO: Run Behavior\BuildLiteBehavior [ RunTime:0.000034s ]
INFO: [ app_init ] --END-- [ RunTime:0.001060s ]
INFO: [ app_begin ] --START--
INFO: Run Behavior\ReadHtmlCacheBehavior [ RunTime:0.001442s ]
INFO: [ app_begin ] --END-- [ RunTime:0.001593s ]

[ 2016-09-16T08:35:14+08:00 ] 127.0.0.1 /index.php/Admin/Index/index_layout.html?_=1473986114329
INFO: [ app_init ] --START--
INFO: Run Behavior\BuildLiteBehavior [ RunTime:0.000010s ]
INFO: [ app_init ] --END-- [ RunTime:0.000329s ]
INFO: [ app_begin ] --START--
INFO: Run Behavior\ReadHtmlCacheBehavior [ RunTime:0.000449s ]
INFO: [ app_begin ] --END-- [ RunTime:0.000481s ]
NOTIC: [8] Use of undefined constant WEB_PATH - assumed 'WEB_PATH' E:\www\sc-csm\Application\Admin\Controller\IndexController.class.php 第 47 行.
INFO: [ view_parse ] --START--
INFO: [ template_filter ] --START--
INFO: Run Behavior\ContentReplaceBehavior [ RunTime:0.000067s ]
INFO: [ template_filter ] --END-- [ RunTime:0.000118s ]
INFO: Run Behavior\ParseTemplateBehavior [ RunTime:0.013745s ]
INFO: [ view_parse ] --END-- [ RunTime:0.013786s ]
INFO: [ view_filter ] --START--
INFO: Run Behavior\WriteHtmlCacheBehavior [ RunTime:0.000321s ]
INFO: [ view_filter ] --END-- [ RunTime:0.000353s ]
INFO: [ app_end ] --START--
INFO: Run Behavior\ShowPageTraceBehavior [ RunTime:0.000564s ]
INFO: [ app_end ] --END-- [ RunTime:0.000594s ]

[ 2016-09-16T08:35:14+08:00 ] 127.0.0.1 /index.php/Admin/Index/images/group.png
INFO: [ app_init ] --START--
INFO: Run Behavior\BuildLiteBehavior [ RunTime:0.000010s ]
INFO: [ app_init ] --END-- [ RunTime:0.000313s ]

[ 2016-09-16T08:35:19+08:00 ] 127.0.0.1 /index.php/Admin/Database/index.html?_=1473986119011
INFO: [ app_init ] --START--
INFO: Run Behavior\BuildLiteBehavior [ RunTime:0.000008s ]
INFO: [ app_init ] --END-- [ RunTime:0.000267s ]
INFO: [ app_begin ] --START--
INFO: Run Behavior\ReadHtmlCacheBehavior [ RunTime:0.000295s ]
INFO: [ app_begin ] --END-- [ RunTime:0.000325s ]
SQL: SHOW TABLE STATUS [ RunTime:0.0903s ]
INFO: [ view_parse ] --START--
INFO: [ template_filter ] --START--
INFO: Run Behavior\ContentReplaceBehavior [ RunTime:0.000037s ]
INFO: [ template_filter ] --END-- [ RunTime:0.000071s ]
NOTIC: [8] Undefined index: id E:\www\sc-csm\Application\Runtime\Cache\Admin\ccc7b197a1af74c5328156e7d3a8fe0b.php 第 26 行.
NOTIC: [8] Undefined index: id E:\www\sc-csm\Application\Runtime\Cache\Admin\ccc7b197a1af74c5328156e7d3a8fe0b.php 第 26 行.
NOTIC: [8] Undefined index: id E:\www\sc-csm\Application\Runtime\Cache\Admin\ccc7b197a1af74c5328156e7d3a8fe0b.php 第 26 行.
NOTIC: [8] Undefined index: id E:\www\sc-csm\Application\Runtime\Cache\Admin\ccc7b197a1af74c5328156e7d3a8fe0b.php 第 26 行.
NOTIC: [8] Undefined index: id E:\www\sc-csm\Application\Runtime\Cache\Admin\ccc7b197a1af74c5328156e7d3a8fe0b.php 第 26 行.
NOTIC: [8] Undefined index: id E:\www\sc-csm\Application\Runtime\Cache\Admin\ccc7b197a1af74c5328156e7d3a8fe0b.php 第 26 行.
NOTIC: [8] Undefined index: id E:\www\sc-csm\Application\Runtime\Cache\Admin\ccc7b197a1af74c5328156e7d3a8fe0b.php 第 26 行.
INFO: Run Behavior\ParseTemplateBehavior [ RunTime:0.027192s ]
INFO: [ view_parse ] --END-- [ RunTime:0.027219s ]
INFO: [ view_filter ] --START--
INFO: Run Behavior\WriteHtmlCacheBehavior [ RunTime:0.000213s ]
INFO: [ view_filter ] --END-- [ RunTime:0.000234s ]
INFO: [ app_end ] --START--
INFO: Run Behavior\ShowPageTraceBehavior [ RunTime:0.000289s ]
INFO: [ app_end ] --END-- [ RunTime:0.000333s ]

[ 2016-09-16T08:35:21+08:00 ] 127.0.0.1 /index.php/Admin/Database/frame/name/sc_auth_group.html?_=1473986120968
INFO: [ app_init ] --START--
INFO: Run Behavior\BuildLiteBehavior [ RunTime:0.000009s ]
INFO: [ app_init ] --END-- [ RunTime:0.000243s ]
INFO: [ app_begin ] --START--
INFO: Run Behavior\ReadHtmlCacheBehavior [ RunTime:0.000296s ]
INFO: [ app_begin ] --END-- [ RunTime:0.000325s ]
SQL: SHOW TABLES [ RunTime:0.0003s ]
SQL: show columns from sc_auth_group [ RunTime:0.0032s ]
INFO: [ view_parse ] --START--
INFO: [ template_filter ] --START--
INFO: Run Behavior\ContentReplaceBehavior [ RunTime:0.000038s ]
INFO: [ template_filter ] --END-- [ RunTime:0.000070s ]
INFO: Run Behavior\ParseTemplateBehavior [ RunTime:0.015271s ]
INFO: [ view_parse ] --END-- [ RunTime:0.015314s ]
INFO: [ view_filter ] --START--
INFO: Run Behavior\WriteHtmlCacheBehavior [ RunTime:0.000166s ]
INFO: [ view_filter ] --END-- [ RunTime:0.000185s ]
INFO: [ app_end ] --START--
INFO: Run Behavior\ShowPageTraceBehavior [ RunTime:0.000282s ]
INFO: [ app_end ] --END-- [ RunTime:0.000306s ]

[ 2016-09-16T08:35:23+08:00 ] 127.0.0.1 /index.php/Admin/Database/createSql/name/sc_auth_group.html?_=1473986123293
INFO: [ app_init ] --START--
INFO: Run Behavior\BuildLiteBehavior [ RunTime:0.000008s ]
INFO: [ app_init ] --END-- [ RunTime:0.000235s ]
INFO: [ app_begin ] --START--
INFO: Run Behavior\ReadHtmlCacheBehavior [ RunTime:0.000289s ]
INFO: [ app_begin ] --END-- [ RunTime:0.000318s ]
SQL: SHOW TABLES [ RunTime:0.0004s ]
SQL: show create table sc_auth_group [ RunTime:0.0002s ]
INFO: [ view_parse ] --START--
INFO: [ template_filter ] --START--
INFO: Run Behavior\ContentReplaceBehavior [ RunTime:0.000028s ]
INFO: [ template_filter ] --END-- [ RunTime:0.000068s ]
INFO: Run Behavior\ParseTemplateBehavior [ RunTime:0.003038s ]
INFO: [ view_parse ] --END-- [ RunTime:0.003070s ]
INFO: [ view_filter ] --START--
INFO: Run Behavior\WriteHtmlCacheBehavior [ RunTime:0.000165s ]
INFO: [ view_filter ] --END-- [ RunTime:0.000186s ]
INFO: [ app_end ] --START--
INFO: Run Behavior\ShowPageTraceBehavior [ RunTime:0.000399s ]
INFO: [ app_end ] --END-- [ RunTime:0.000427s ]

[ 2016-09-16T08:57:41+08:00 ] 127.0.0.1 /index.php/Admin/Database/import.html?_=1473987461152
INFO: [ app_init ] --START--
INFO: Run Behavior\BuildLiteBehavior [ RunTime:0.000007s ]
INFO: [ app_init ] --END-- [ RunTime:0.000269s ]
INFO: [ app_begin ] --START--
INFO: Run Behavior\ReadHtmlCacheBehavior [ RunTime:0.000500s ]
INFO: [ app_begin ] --END-- [ RunTime:0.000528s ]
NOTIC: [2048] Only variables should be passed by reference E:\www\sc-csm\Application\Common\Lib\Table.class.php 第 172 行.
NOTIC: [2048] Only variables should be passed by reference E:\www\sc-csm\Application\Common\Lib\Table.class.php 第 174 行.
NOTIC: [2048] Only variables should be passed by reference E:\www\sc-csm\Application\Common\Lib\Table.class.php 第 172 行.
NOTIC: [2048] Only variables should be passed by reference E:\www\sc-csm\Application\Common\Lib\Table.class.php 第 174 行.
NOTIC: [2048] Only variables should be passed by reference E:\www\sc-csm\Application\Common\Lib\Table.class.php 第 172 行.
NOTIC: [2048] Only variables should be passed by reference E:\www\sc-csm\Application\Common\Lib\Table.class.php 第 174 行.
NOTIC: [2048] Only variables should be passed by reference E:\www\sc-csm\Application\Common\Lib\Table.class.php 第 172 行.
NOTIC: [2048] Only variables should be passed by reference E:\www\sc-csm\Application\Common\Lib\Table.class.php 第 174 行.
NOTIC: [2048] Only variables should be passed by reference E:\www\sc-csm\Application\Common\Lib\Table.class.php 第 172 行.
NOTIC: [2048] Only variables should be passed by reference E:\www\sc-csm\Application\Common\Lib\Table.class.php 第 174 行.
INFO: [ view_parse ] --START--
INFO: [ template_filter ] --START--
INFO: Run Behavior\ContentReplaceBehavior [ RunTime:0.000064s ]
INFO: [ template_filter ] --END-- [ RunTime:0.000091s ]
NOTIC: [8] Undefined index: id E:\www\sc-csm\Application\Runtime\Cache\Admin\70619b898e29e62c68b1d45593e161aa.php 第 14 行.
NOTIC: [8] Use of undefined constant import - assumed 'import' E:\www\sc-csm\Application\Runtime\Cache\Admin\70619b898e29e62c68b1d45593e161aa.php 第 22 行.
NOTIC: [8] Undefined index: id E:\www\sc-csm\Application\Runtime\Cache\Admin\70619b898e29e62c68b1d45593e161aa.php 第 14 行.
NOTIC: [8] Use of undefined constant import - assumed 'import' E:\www\sc-csm\Application\Runtime\Cache\Admin\70619b898e29e62c68b1d45593e161aa.php 第 22 行.
NOTIC: [8] Undefined index: id E:\www\sc-csm\Application\Runtime\Cache\Admin\70619b898e29e62c68b1d45593e161aa.php 第 14 行.
NOTIC: [8] Use of undefined constant import - assumed 'import' E:\www\sc-csm\Application\Runtime\Cache\Admin\70619b898e29e62c68b1d45593e161aa.php 第 22 行.
NOTIC: [8] Undefined index: id E:\www\sc-csm\Application\Runtime\Cache\Admin\70619b898e29e62c68b1d45593e161aa.php 第 14 行.
NOTIC: [8] Use of undefined constant import - assumed 'import' E:\www\sc-csm\Application\Runtime\Cache\Admin\70619b898e29e62c68b1d45593e161aa.php 第 22 行.
NOTIC: [8] Undefined index: id E:\www\sc-csm\Application\Runtime\Cache\Admin\70619b898e29e62c68b1d45593e161aa.php 第 14 行.
NOTIC: [8] Use of undefined constant import - assumed 'import' E:\www\sc-csm\Application\Runtime\Cache\Admin\70619b898e29e62c68b1d45593e161aa.php 第 22 行.
INFO: Run Behavior\ParseTemplateBehavior [ RunTime:0.004649s ]
INFO: [ view_parse ] --END-- [ RunTime:0.004673s ]
INFO: [ view_filter ] --START--
INFO: Run Behavior\WriteHtmlCacheBehavior [ RunTime:0.000276s ]
INFO: [ view_filter ] --END-- [ RunTime:0.000299s ]
INFO: [ app_end ] --START--
INFO: Run Behavior\ShowPageTraceBehavior [ RunTime:0.000383s ]
INFO: [ app_end ] --END-- [ RunTime:0.000406s ]

[ 2016-09-16T08:58:13+08:00 ] 127.0.0.1 /index.php/Admin/Database/index.html?_=1473987493871
INFO: [ app_init ] --START--
INFO: Run Behavior\BuildLiteBehavior [ RunTime:0.000011s ]
INFO: [ app_init ] --END-- [ RunTime:0.000254s ]
INFO: [ app_begin ] --START--
INFO: Run Behavior\ReadHtmlCacheBehavior [ RunTime:0.000282s ]
INFO: [ app_begin ] --END-- [ RunTime:0.000332s ]
SQL: SHOW TABLE STATUS [ RunTime:0.0008s ]
INFO: [ view_parse ] --START--
INFO: [ template_filter ] --START--
INFO: Run Behavior\ContentReplaceBehavior [ RunTime:0.000037s ]
INFO: [ template_filter ] --END-- [ RunTime:0.000064s ]
NOTIC: [8] Undefined index: id E:\www\sc-csm\Application\Runtime\Cache\Admin\ccc7b197a1af74c5328156e7d3a8fe0b.php 第 26 行.
NOTIC: [8] Undefined index: id E:\www\sc-csm\Application\Runtime\Cache\Admin\ccc7b197a1af74c5328156e7d3a8fe0b.php 第 26 行.
NOTIC: [8] Undefined index: id E:\www\sc-csm\Application\Runtime\Cache\Admin\ccc7b197a1af74c5328156e7d3a8fe0b.php 第 26 行.
NOTIC: [8] Undefined index: id E:\www\sc-csm\Application\Runtime\Cache\Admin\ccc7b197a1af74c5328156e7d3a8fe0b.php 第 26 行.
NOTIC: [8] Undefined index: id E:\www\sc-csm\Application\Runtime\Cache\Admin\ccc7b197a1af74c5328156e7d3a8fe0b.php 第 26 行.
NOTIC: [8] Undefined index: id E:\www\sc-csm\Application\Runtime\Cache\Admin\ccc7b197a1af74c5328156e7d3a8fe0b.php 第 26 行.
NOTIC: [8] Undefined index: id E:\www\sc-csm\Application\Runtime\Cache\Admin\ccc7b197a1af74c5328156e7d3a8fe0b.php 第 26 行.
INFO: Run Behavior\ParseTemplateBehavior [ RunTime:0.004841s ]
INFO: [ view_parse ] --END-- [ RunTime:0.004869s ]
INFO: [ view_filter ] --START--
INFO: Run Behavior\WriteHtmlCacheBehavior [ RunTime:0.000178s ]
INFO: [ view_filter ] --END-- [ RunTime:0.000202s ]
INFO: [ app_end ] --START--
INFO: Run Behavior\ShowPageTraceBehavior [ RunTime:0.000304s ]
INFO: [ app_end ] --END-- [ RunTime:0.000328s ]

[ 2016-09-16T08:58:16+08:00 ] 127.0.0.1 /index.php/Admin/Database/export.html
INFO: [ app_init ] --START--
INFO: Run Behavior\BuildLiteBehavior [ RunTime:0.000007s ]
INFO: [ app_init ] --END-- [ RunTime:0.000226s ]
INFO: [ app_begin ] --START--
INFO: Run Behavior\ReadHtmlCacheBehavior [ RunTime:0.000302s ]
INFO: [ app_begin ] --END-- [ RunTime:0.000330s ]
SQL: select @@basedir as path from dual [ RunTime:0.0001s ]

[ 2016-09-16T08:58:23+08:00 ] 127.0.0.1 /index.php/Admin/Database/index.html?_=1473987503717
INFO: [ app_init ] --START--
INFO: Run Behavior\BuildLiteBehavior [ RunTime:0.000011s ]
INFO: [ app_init ] --END-- [ RunTime:0.000312s ]
INFO: [ app_begin ] --START--
INFO: Run Behavior\ReadHtmlCacheBehavior [ RunTime:0.000676s ]
INFO: [ app_begin ] --END-- [ RunTime:0.000709s ]
SQL: SHOW TABLE STATUS [ RunTime:0.0006s ]
INFO: [ view_parse ] --START--
INFO: [ template_filter ] --START--
INFO: Run Behavior\ContentReplaceBehavior [ RunTime:0.000035s ]
INFO: [ template_filter ] --END-- [ RunTime:0.000064s ]
NOTIC: [8] Undefined index: id E:\www\sc-csm\Application\Runtime\Cache\Admin\ccc7b197a1af74c5328156e7d3a8fe0b.php 第 26 行.
NOTIC: [8] Undefined index: id E:\www\sc-csm\Application\Runtime\Cache\Admin\ccc7b197a1af74c5328156e7d3a8fe0b.php 第 26 行.
NOTIC: [8] Undefined index: id E:\www\sc-csm\Application\Runtime\Cache\Admin\ccc7b197a1af74c5328156e7d3a8fe0b.php 第 26 行.
NOTIC: [8] Undefined index: id E:\www\sc-csm\Application\Runtime\Cache\Admin\ccc7b197a1af74c5328156e7d3a8fe0b.php 第 26 行.
NOTIC: [8] Undefined index: id E:\www\sc-csm\Application\Runtime\Cache\Admin\ccc7b197a1af74c5328156e7d3a8fe0b.php 第 26 行.
NOTIC: [8] Undefined index: id E:\www\sc-csm\Application\Runtime\Cache\Admin\ccc7b197a1af74c5328156e7d3a8fe0b.php 第 26 行.
NOTIC: [8] Undefined index: id E:\www\sc-csm\Application\Runtime\Cache\Admin\ccc7b197a1af74c5328156e7d3a8fe0b.php 第 26 行.
INFO: Run Behavior\ParseTemplateBehavior [ RunTime:0.007003s ]
INFO: [ view_parse ] --END-- [ RunTime:0.007033s ]
INFO: [ view_filter ] --START--
INFO: Run Behavior\WriteHtmlCacheBehavior [ RunTime:0.000548s ]
INFO: [ view_filter ] --END-- [ RunTime:0.000571s ]
INFO: [ app_end ] --START--
INFO: Run Behavior\ShowPageTraceBehavior [ RunTime:0.000705s ]
INFO: [ app_end ] --END-- [ RunTime:0.000739s ]

[ 2016-09-16T08:58:25+08:00 ] 127.0.0.1 /index.php/Admin/Database/export.html
INFO: [ app_init ] --START--
INFO: Run Behavior\BuildLiteBehavior [ RunTime:0.000023s ]
INFO: [ app_init ] --END-- [ RunTime:0.000373s ]
INFO: [ app_begin ] --START--
INFO: Run Behavior\ReadHtmlCacheBehavior [ RunTime:0.000694s ]
INFO: [ app_begin ] --END-- [ RunTime:0.000732s ]
SQL: select @@basedir as path from dual [ RunTime:0.0001s ]

[ 2016-09-16T08:58:36+08:00 ] 127.0.0.1 /index.php/Admin/Database/import.html?_=1473987516548
INFO: [ app_init ] --START--
INFO: Run Behavior\BuildLiteBehavior [ RunTime:0.000009s ]
INFO: [ app_init ] --END-- [ RunTime:0.000283s ]
INFO: [ app_begin ] --START--
INFO: Run Behavior\ReadHtmlCacheBehavior [ RunTime:0.000669s ]
INFO: [ app_begin ] --END-- [ RunTime:0.000698s ]
NOTIC: [2048] Only variables should be passed by reference E:\www\sc-csm\Application\Common\Lib\Table.class.php 第 172 行.
NOTIC: [2048] Only variables should be passed by reference E:\www\sc-csm\Application\Common\Lib\Table.class.php 第 174 行.
NOTIC: [2048] Only variables should be passed by reference E:\www\sc-csm\Application\Common\Lib\Table.class.php 第 172 行.
NOTIC: [2048] Only variables should be passed by reference E:\www\sc-csm\Application\Common\Lib\Table.class.php 第 174 行.
NOTIC: [2048] Only variables should be passed by reference E:\www\sc-csm\Application\Common\Lib\Table.class.php 第 172 行.
NOTIC: [2048] Only variables should be passed by reference E:\www\sc-csm\Application\Common\Lib\Table.class.php 第 174 行.
NOTIC: [2048] Only variables should be passed by reference E:\www\sc-csm\Application\Common\Lib\Table.class.php 第 172 行.
NOTIC: [2048] Only variables should be passed by reference E:\www\sc-csm\Application\Common\Lib\Table.class.php 第 174 行.
NOTIC: [2048] Only variables should be passed by reference E:\www\sc-csm\Application\Common\Lib\Table.class.php 第 172 行.
NOTIC: [2048] Only variables should be passed by reference E:\www\sc-csm\Application\Common\Lib\Table.class.php 第 174 行.
NOTIC: [2048] Only variables should be passed by reference E:\www\sc-csm\Application\Common\Lib\Table.class.php 第 172 行.
NOTIC: [2048] Only variables should be passed by reference E:\www\sc-csm\Application\Common\Lib\Table.class.php 第 174 行.
NOTIC: [2048] Only variables should be passed by reference E:\www\sc-csm\Application\Common\Lib\Table.class.php 第 172 行.
NOTIC: [2048] Only variables should be passed by reference E:\www\sc-csm\Application\Common\Lib\Table.class.php 第 174 行.
INFO: [ view_parse ] --START--
INFO: [ template_filter ] --START--
INFO: Run Behavior\ContentReplaceBehavior [ RunTime:0.000028s ]
INFO: [ template_filter ] --END-- [ RunTime:0.000055s ]
NOTIC: [8] Undefined index: id E:\www\sc-csm\Application\Runtime\Cache\Admin\70619b898e29e62c68b1d45593e161aa.php 第 14 行.
NOTIC: [8] Use of undefined constant import - assumed 'import' E:\www\sc-csm\Application\Runtime\Cache\Admin\70619b898e29e62c68b1d45593e161aa.php 第 22 行.
NOTIC: [8] Undefined index: id E:\www\sc-csm\Application\Runtime\Cache\Admin\70619b898e29e62c68b1d45593e161aa.php 第 14 行.
NOTIC: [8] Use of undefined constant import - assumed 'import' E:\www\sc-csm\Application\Runtime\Cache\Admin\70619b898e29e62c68b1d45593e161aa.php 第 22 行.
NOTIC: [8] Undefined index: id E:\www\sc-csm\Application\Runtime\Cache\Admin\70619b898e29e62c68b1d45593e161aa.php 第 14 行.
NOTIC: [8] Use of undefined constant import - assumed 'import' E:\www\sc-csm\Application\Runtime\Cache\Admin\70619b898e29e62c68b1d45593e161aa.php 第 22 行.
NOTIC: [8] Undefined index: id E:\www\sc-csm\Application\Runtime\Cache\Admin\70619b898e29e62c68b1d45593e161aa.php 第 14 行.
NOTIC: [8] Use of undefined constant import - assumed 'import' E:\www\sc-csm\Application\Runtime\Cache\Admin\70619b898e29e62c68b1d45593e161aa.php 第 22 行.
NOTIC: [8] Undefined index: id E:\www\sc-csm\Application\Runtime\Cache\Admin\70619b898e29e62c68b1d45593e161aa.php 第 14 行.
NOTIC: [8] Use of undefined constant import - assumed 'import' E:\www\sc-csm\Application\Runtime\Cache\Admin\70619b898e29e62c68b1d45593e161aa.php 第 22 行.
NOTIC: [8] Undefined index: id E:\www\sc-csm\Application\Runtime\Cache\Admin\70619b898e29e62c68b1d45593e161aa.php 第 14 行.
NOTIC: [8] Use of undefined constant import - assumed 'import' E:\www\sc-csm\Application\Runtime\Cache\Admin\70619b898e29e62c68b1d45593e161aa.php 第 22 行.
NOTIC: [8] Undefined index: id E:\www\sc-csm\Application\Runtime\Cache\Admin\70619b898e29e62c68b1d45593e161aa.php 第 14 行.
NOTIC: [8] Use of undefined constant import - assumed 'import' E:\www\sc-csm\Application\Runtime\Cache\Admin\70619b898e29e62c68b1d45593e161aa.php 第 22 行.
INFO: Run Behavior\ParseTemplateBehavior [ RunTime:0.006104s ]
INFO: [ view_parse ] --END-- [ RunTime:0.006129s ]
INFO: [ view_filter ] --START--
INFO: Run Behavior\WriteHtmlCacheBehavior [ RunTime:0.000580s ]
INFO: [ view_filter ] --END-- [ RunTime:0.000603s ]
INFO: [ app_end ] --START--
INFO: Run Behavior\ShowPageTraceBehavior [ RunTime:0.000667s ]
INFO: [ app_end ] --END-- [ RunTime:0.000691s ]

[ 2016-09-16T08:58:42+08:00 ] 127.0.0.1 /index.php/Admin/Database/delbak/name/20160916-085816.sql.html
INFO: [ app_init ] --START--
INFO: Run Behavior\BuildLiteBehavior [ RunTime:0.000010s ]
INFO: [ app_init ] --END-- [ RunTime:0.000336s ]
INFO: [ app_begin ] --START--
INFO: Run Behavior\ReadHtmlCacheBehavior [ RunTime:0.000805s ]
INFO: [ app_begin ] --END-- [ RunTime:0.000841s ]

[ 2016-09-16T08:58:42+08:00 ] 127.0.0.1 /index.php/Admin/Database/import.html?_=1473987522743
INFO: [ app_init ] --START--
INFO: Run Behavior\BuildLiteBehavior [ RunTime:0.000016s ]
INFO: [ app_init ] --END-- [ RunTime:0.000329s ]
INFO: [ app_begin ] --START--
INFO: Run Behavior\ReadHtmlCacheBehavior [ RunTime:0.000510s ]
INFO: [ app_begin ] --END-- [ RunTime:0.000540s ]
NOTIC: [2048] Only variables should be passed by reference E:\www\sc-csm\Application\Common\Lib\Table.class.php 第 172 行.
NOTIC: [2048] Only variables should be passed by reference E:\www\sc-csm\Application\Common\Lib\Table.class.php 第 174 行.
NOTIC: [2048] Only variables should be passed by reference E:\www\sc-csm\Application\Common\Lib\Table.class.php 第 172 行.
NOTIC: [2048] Only variables should be passed by reference E:\www\sc-csm\Application\Common\Lib\Table.class.php 第 174 行.
NOTIC: [2048] Only variables should be passed by reference E:\www\sc-csm\Application\Common\Lib\Table.class.php 第 172 行.
NOTIC: [2048] Only variables should be passed by reference E:\www\sc-csm\Application\Common\Lib\Table.class.php 第 174 行.
NOTIC: [2048] Only variables should be passed by reference E:\www\sc-csm\Application\Common\Lib\Table.class.php 第 172 行.
NOTIC: [2048] Only variables should be passed by reference E:\www\sc-csm\Application\Common\Lib\Table.class.php 第 174 行.
NOTIC: [2048] Only variables should be passed by reference E:\www\sc-csm\Application\Common\Lib\Table.class.php 第 172 行.
NOTIC: [2048] Only variables should be passed by reference E:\www\sc-csm\Application\Common\Lib\Table.class.php 第 174 行.
NOTIC: [2048] Only variables should be passed by reference E:\www\sc-csm\Application\Common\Lib\Table.class.php 第 172 行.
NOTIC: [2048] Only variables should be passed by reference E:\www\sc-csm\Application\Common\Lib\Table.class.php 第 174 行.
INFO: [ view_parse ] --START--
INFO: [ template_filter ] --START--
INFO: Run Behavior\ContentReplaceBehavior [ RunTime:0.000060s ]
INFO: [ template_filter ] --END-- [ RunTime:0.000097s ]
NOTIC: [8] Undefined index: id E:\www\sc-csm\Application\Runtime\Cache\Admin\70619b898e29e62c68b1d45593e161aa.php 第 14 行.
NOTIC: [8] Use of undefined constant import - assumed 'import' E:\www\sc-csm\Application\Runtime\Cache\Admin\70619b898e29e62c68b1d45593e161aa.php 第 22 行.
NOTIC: [8] Undefined index: id E:\www\sc-csm\Application\Runtime\Cache\Admin\70619b898e29e62c68b1d45593e161aa.php 第 14 行.
NOTIC: [8] Use of undefined constant import - assumed 'import' E:\www\sc-csm\Application\Runtime\Cache\Admin\70619b898e29e62c68b1d45593e161aa.php 第 22 行.
NOTIC: [8] Undefined index: id E:\www\sc-csm\Application\Runtime\Cache\Admin\70619b898e29e62c68b1d45593e161aa.php 第 14 行.
NOTIC: [8] Use of undefined constant import - assumed 'import' E:\www\sc-csm\Application\Runtime\Cache\Admin\70619b898e29e62c68b1d45593e161aa.php 第 22 行.
NOTIC: [8] Undefined index: id E:\www\sc-csm\Application\Runtime\Cache\Admin\70619b898e29e62c68b1d45593e161aa.php 第 14 行.
NOTIC: [8] Use of undefined constant import - assumed 'import' E:\www\sc-csm\Application\Runtime\Cache\Admin\70619b898e29e62c68b1d45593e161aa.php 第 22 行.
NOTIC: [8] Undefined index: id E:\www\sc-csm\Application\Runtime\Cache\Admin\70619b898e29e62c68b1d45593e161aa.php 第 14 行.
NOTIC: [8] Use of undefined constant import - assumed 'import' E:\www\sc-csm\Application\Runtime\Cache\Admin\70619b898e29e62c68b1d45593e161aa.php 第 22 行.
NOTIC: [8] Undefined index: id E:\www\sc-csm\Application\Runtime\Cache\Admin\70619b898e29e62c68b1d45593e161aa.php 第 14 行.
NOTIC: [8] Use of undefined constant import - assumed 'import' E:\www\sc-csm\Application\Runtime\Cache\Admin\70619b898e29e62c68b1d45593e161aa.php 第 22 行.
INFO: Run Behavior\ParseTemplateBehavior [ RunTime:0.004905s ]
INFO: [ view_parse ] --END-- [ RunTime:0.004929s ]
INFO: [ view_filter ] --START--
INFO: Run Behavior\WriteHtmlCacheBehavior [ RunTime:0.000303s ]
INFO: [ view_filter ] --END-- [ RunTime:0.000325s ]
INFO: [ app_end ] --START--
INFO: Run Behavior\ShowPageTraceBehavior [ RunTime:0.000409s ]
INFO: [ app_end ] --END-- [ RunTime:0.000433s ]

[ 2016-09-16T08:58:47+08:00 ] 127.0.0.1 /index.php/Admin/Database/delbak/name/20160916-085825.sql.html
INFO: [ app_init ] --START--
INFO: Run Behavior\BuildLiteBehavior [ RunTime:0.000009s ]
INFO: [ app_init ] --END-- [ RunTime:0.000240s ]
INFO: [ app_begin ] --START--
INFO: Run Behavior\ReadHtmlCacheBehavior [ RunTime:0.000317s ]
INFO: [ app_begin ] --END-- [ RunTime:0.000350s ]

[ 2016-09-16T08:58:48+08:00 ] 127.0.0.1 /index.php/Admin/Database/import.html?_=1473987528075
INFO: [ app_init ] --START--
INFO: Run Behavior\BuildLiteBehavior [ RunTime:0.000011s ]
INFO: [ app_init ] --END-- [ RunTime:0.000333s ]
INFO: [ app_begin ] --START--
INFO: Run Behavior\ReadHtmlCacheBehavior [ RunTime:0.000512s ]
INFO: [ app_begin ] --END-- [ RunTime:0.000547s ]
NOTIC: [2048] Only variables should be passed by reference E:\www\sc-csm\Application\Common\Lib\Table.class.php 第 172 行.
NOTIC: [2048] Only variables should be passed by reference E:\www\sc-csm\Application\Common\Lib\Table.class.php 第 174 行.
NOTIC: [2048] Only variables should be passed by reference E:\www\sc-csm\Application\Common\Lib\Table.class.php 第 172 行.
NOTIC: [2048] Only variables should be passed by reference E:\www\sc-csm\Application\Common\Lib\Table.class.php 第 174 行.
NOTIC: [2048] Only variables should be passed by reference E:\www\sc-csm\Application\Common\Lib\Table.class.php 第 172 行.
NOTIC: [2048] Only variables should be passed by reference E:\www\sc-csm\Application\Common\Lib\Table.class.php 第 174 行.
NOTIC: [2048] Only variables should be passed by reference E:\www\sc-csm\Application\Common\Lib\Table.class.php 第 172 行.
NOTIC: [2048] Only variables should be passed by reference E:\www\sc-csm\Application\Common\Lib\Table.class.php 第 174 行.
NOTIC: [2048] Only variables should be passed by reference E:\www\sc-csm\Application\Common\Lib\Table.class.php 第 172 行.
NOTIC: [2048] Only variables should be passed by reference E:\www\sc-csm\Application\Common\Lib\Table.class.php 第 174 行.
INFO: [ view_parse ] --START--
INFO: [ template_filter ] --START--
INFO: Run Behavior\ContentReplaceBehavior [ RunTime:0.000029s ]
INFO: [ template_filter ] --END-- [ RunTime:0.000054s ]
NOTIC: [8] Undefined index: id E:\www\sc-csm\Application\Runtime\Cache\Admin\70619b898e29e62c68b1d45593e161aa.php 第 14 行.
NOTIC: [8] Use of undefined constant import - assumed 'import' E:\www\sc-csm\Application\Runtime\Cache\Admin\70619b898e29e62c68b1d45593e161aa.php 第 22 行.
NOTIC: [8] Undefined index: id E:\www\sc-csm\Application\Runtime\Cache\Admin\70619b898e29e62c68b1d45593e161aa.php 第 14 行.
NOTIC: [8] Use of undefined constant import - assumed 'import' E:\www\sc-csm\Application\Runtime\Cache\Admin\70619b898e29e62c68b1d45593e161aa.php 第 22 行.
NOTIC: [8] Undefined index: id E:\www\sc-csm\Application\Runtime\Cache\Admin\70619b898e29e62c68b1d45593e161aa.php 第 14 行.
NOTIC: [8] Use of undefined constant import - assumed 'import' E:\www\sc-csm\Application\Runtime\Cache\Admin\70619b898e29e62c68b1d45593e161aa.php 第 22 行.
NOTIC: [8] Undefined index: id E:\www\sc-csm\Application\Runtime\Cache\Admin\70619b898e29e62c68b1d45593e161aa.php 第 14 行.
NOTIC: [8] Use of undefined constant import - assumed 'import' E:\www\sc-csm\Application\Runtime\Cache\Admin\70619b898e29e62c68b1d45593e161aa.php 第 22 行.
NOTIC: [8] Undefined index: id E:\www\sc-csm\Application\Runtime\Cache\Admin\70619b898e29e62c68b1d45593e161aa.php 第 14 行.
NOTIC: [8] Use of undefined constant import - assumed 'import' E:\www\sc-csm\Application\Runtime\Cache\Admin\70619b898e29e62c68b1d45593e161aa.php 第 22 行.
INFO: Run Behavior\ParseTemplateBehavior [ RunTime:0.004621s ]
INFO: [ view_parse ] --END-- [ RunTime:0.004645s ]
INFO: [ view_filter ] --START--
INFO: Run Behavior\WriteHtmlCacheBehavior [ RunTime:0.000389s ]
INFO: [ view_filter ] --END-- [ RunTime:0.000411s ]
INFO: [ app_end ] --START--
INFO: Run Behavior\ShowPageTraceBehavior [ RunTime:0.000497s ]
INFO: [ app_end ] --END-- [ RunTime:0.000520s ]

[ 2016-09-16T08:59:42+08:00 ] 127.0.0.1 /index.php/Admin/Database/index.html?_=1473987582667
INFO: [ app_init ] --START--
INFO: Run Behavior\BuildLiteBehavior [ RunTime:0.000009s ]
INFO: [ app_init ] --END-- [ RunTime:0.000239s ]
INFO: [ app_begin ] --START--
INFO: Run Behavior\ReadHtmlCacheBehavior [ RunTime:0.000289s ]
INFO: [ app_begin ] --END-- [ RunTime:0.000321s ]
SQL: SHOW TABLE STATUS [ RunTime:0.0007s ]
INFO: [ view_parse ] --START--
INFO: [ template_filter ] --START--
INFO: Run Behavior\ContentReplaceBehavior [ RunTime:0.000039s ]
INFO: [ template_filter ] --END-- [ RunTime:0.000072s ]
NOTIC: [8] Undefined index: id E:\www\sc-csm\Application\Runtime\Cache\Admin\ccc7b197a1af74c5328156e7d3a8fe0b.php 第 26 行.
NOTIC: [8] Undefined index: id E:\www\sc-csm\Application\Runtime\Cache\Admin\ccc7b197a1af74c5328156e7d3a8fe0b.php 第 26 行.
NOTIC: [8] Undefined index: id E:\www\sc-csm\Application\Runtime\Cache\Admin\ccc7b197a1af74c5328156e7d3a8fe0b.php 第 26 行.
NOTIC: [8] Undefined index: id E:\www\sc-csm\Application\Runtime\Cache\Admin\ccc7b197a1af74c5328156e7d3a8fe0b.php 第 26 行.
NOTIC: [8] Undefined index: id E:\www\sc-csm\Application\Runtime\Cache\Admin\ccc7b197a1af74c5328156e7d3a8fe0b.php 第 26 行.
NOTIC: [8] Undefined index: id E:\www\sc-csm\Application\Runtime\Cache\Admin\ccc7b197a1af74c5328156e7d3a8fe0b.php 第 26 行.
NOTIC: [8] Undefined index: id E:\www\sc-csm\Application\Runtime\Cache\Admin\ccc7b197a1af74c5328156e7d3a8fe0b.php 第 26 行.
INFO: Run Behavior\ParseTemplateBehavior [ RunTime:0.005140s ]
INFO: [ view_parse ] --END-- [ RunTime:0.005169s ]
INFO: [ view_filter ] --START--
INFO: Run Behavior\WriteHtmlCacheBehavior [ RunTime:0.000186s ]
INFO: [ view_filter ] --END-- [ RunTime:0.000209s ]
INFO: [ app_end ] --START--
INFO: Run Behavior\ShowPageTraceBehavior [ RunTime:0.000310s ]
INFO: [ app_end ] --END-- [ RunTime:0.000334s ]

[ 2016-09-16T08:59:44+08:00 ] 127.0.0.1 /index.php/Admin/Database/export.html
INFO: [ app_init ] --START--
INFO: Run Behavior\BuildLiteBehavior [ RunTime:0.000009s ]
INFO: [ app_init ] --END-- [ RunTime:0.000274s ]
INFO: [ app_begin ] --START--
INFO: Run Behavior\ReadHtmlCacheBehavior [ RunTime:0.000317s ]
INFO: [ app_begin ] --END-- [ RunTime:0.000348s ]
SQL: select @@basedir as path from dual [ RunTime:0.0002s ]
NOTIC: [8] Undefined variable: result E:\www\sc-csm\Application\Common\Lib\Table.class.php 第 153 行.

[ 2016-09-16T08:59:44+08:00 ] 127.0.0.1 /index.php/Admin/Database/index.html?_=1473987584327
INFO: [ app_init ] --START--
INFO: Run Behavior\BuildLiteBehavior [ RunTime:0.000009s ]
INFO: [ app_init ] --END-- [ RunTime:0.000232s ]
INFO: [ app_begin ] --START--
INFO: Run Behavior\ReadHtmlCacheBehavior [ RunTime:0.000323s ]
INFO: [ app_begin ] --END-- [ RunTime:0.000351s ]
SQL: SHOW TABLE STATUS [ RunTime:0.0009s ]
INFO: [ view_parse ] --START--
INFO: [ template_filter ] --START--
INFO: Run Behavior\ContentReplaceBehavior [ RunTime:0.000038s ]
INFO: [ template_filter ] --END-- [ RunTime:0.000071s ]
NOTIC: [8] Undefined index: id E:\www\sc-csm\Application\Runtime\Cache\Admin\ccc7b197a1af74c5328156e7d3a8fe0b.php 第 26 行.
NOTIC: [8] Undefined index: id E:\www\sc-csm\Application\Runtime\Cache\Admin\ccc7b197a1af74c5328156e7d3a8fe0b.php 第 26 行.
NOTIC: [8] Undefined index: id E:\www\sc-csm\Application\Runtime\Cache\Admin\ccc7b197a1af74c5328156e7d3a8fe0b.php 第 26 行.
NOTIC: [8] Undefined index: id E:\www\sc-csm\Application\Runtime\Cache\Admin\ccc7b197a1af74c5328156e7d3a8fe0b.php 第 26 行.
NOTIC: [8] Undefined index: id E:\www\sc-csm\Application\Runtime\Cache\Admin\ccc7b197a1af74c5328156e7d3a8fe0b.php 第 26 行.
NOTIC: [8] Undefined index: id E:\www\sc-csm\Application\Runtime\Cache\Admin\ccc7b197a1af74c5328156e7d3a8fe0b.php 第 26 行.
NOTIC: [8] Undefined index: id E:\www\sc-csm\Application\Runtime\Cache\Admin\ccc7b197a1af74c5328156e7d3a8fe0b.php 第 26 行.
INFO: Run Behavior\ParseTemplateBehavior [ RunTime:0.005064s ]
INFO: [ view_parse ] --END-- [ RunTime:0.005104s ]
INFO: [ view_filter ] --START--
INFO: Run Behavior\WriteHtmlCacheBehavior [ RunTime:0.000182s ]
INFO: [ view_filter ] --END-- [ RunTime:0.000204s ]
INFO: [ app_end ] --START--
INFO: Run Behavior\ShowPageTraceBehavior [ RunTime:0.000293s ]
INFO: [ app_end ] --END-- [ RunTime:0.000316s ]

[ 2016-09-16T08:59:48+08:00 ] 127.0.0.1 /index.php/Admin/Database/import.html?_=1473987588181
INFO: [ app_init ] --START--
INFO: Run Behavior\BuildLiteBehavior [ RunTime:0.000016s ]
INFO: [ app_init ] --END-- [ RunTime:0.000253s ]
INFO: [ app_begin ] --START--
INFO: Run Behavior\ReadHtmlCacheBehavior [ RunTime:0.000375s ]
INFO: [ app_begin ] --END-- [ RunTime:0.000403s ]
NOTIC: [2048] Only variables should be passed by reference E:\www\sc-csm\Application\Common\Lib\Table.class.php 第 172 行.
NOTIC: [2048] Only variables should be passed by reference E:\www\sc-csm\Application\Common\Lib\Table.class.php 第 174 行.
NOTIC: [2048] Only variables should be passed by reference E:\www\sc-csm\Application\Common\Lib\Table.class.php 第 172 行.
NOTIC: [2048] Only variables should be passed by reference E:\www\sc-csm\Application\Common\Lib\Table.class.php 第 174 行.
NOTIC: [2048] Only variables should be passed by reference E:\www\sc-csm\Application\Common\Lib\Table.class.php 第 172 行.
NOTIC: [2048] Only variables should be passed by reference E:\www\sc-csm\Application\Common\Lib\Table.class.php 第 174 行.
NOTIC: [2048] Only variables should be passed by reference E:\www\sc-csm\Application\Common\Lib\Table.class.php 第 172 行.
NOTIC: [2048] Only variables should be passed by reference E:\www\sc-csm\Application\Common\Lib\Table.class.php 第 174 行.
NOTIC: [2048] Only variables should be passed by reference E:\www\sc-csm\Application\Common\Lib\Table.class.php 第 172 行.
NOTIC: [2048] Only variables should be passed by reference E:\www\sc-csm\Application\Common\Lib\Table.class.php 第 174 行.
NOTIC: [2048] Only variables should be passed by reference E:\www\sc-csm\Application\Common\Lib\Table.class.php 第 172 行.
NOTIC: [2048] Only variables should be passed by reference E:\www\sc-csm\Application\Common\Lib\Table.class.php 第 174 行.
INFO: [ view_parse ] --START--
INFO: [ template_filter ] --START--
INFO: Run Behavior\ContentReplaceBehavior [ RunTime:0.000048s ]
INFO: [ template_filter ] --END-- [ RunTime:0.000073s ]
NOTIC: [8] Undefined index: id E:\www\sc-csm\Application\Runtime\Cache\Admin\70619b898e29e62c68b1d45593e161aa.php 第 14 行.
NOTIC: [8] Use of undefined constant import - assumed 'import' E:\www\sc-csm\Application\Runtime\Cache\Admin\70619b898e29e62c68b1d45593e161aa.php 第 22 行.
NOTIC: [8] Undefined index: id E:\www\sc-csm\Application\Runtime\Cache\Admin\70619b898e29e62c68b1d45593e161aa.php 第 14 行.
NOTIC: [8] Use of undefined constant import - assumed 'import' E:\www\sc-csm\Application\Runtime\Cache\Admin\70619b898e29e62c68b1d45593e161aa.php 第 22 行.
NOTIC: [8] Undefined index: id E:\www\sc-csm\Application\Runtime\Cache\Admin\70619b898e29e62c68b1d45593e161aa.php 第 14 行.
NOTIC: [8] Use of undefined constant import - assumed 'import' E:\www\sc-csm\Application\Runtime\Cache\Admin\70619b898e29e62c68b1d45593e161aa.php 第 22 行.
NOTIC: [8] Undefined index: id E:\www\sc-csm\Application\Runtime\Cache\Admin\70619b898e29e62c68b1d45593e161aa.php 第 14 行.
NOTIC: [8] Use of undefined constant import - assumed 'import' E:\www\sc-csm\Application\Runtime\Cache\Admin\70619b898e29e62c68b1d45593e161aa.php 第 22 行.
NOTIC: [8] Undefined index: id E:\www\sc-csm\Application\Runtime\Cache\Admin\70619b898e29e62c68b1d45593e161aa.php 第 14 行.
NOTIC: [8] Use of undefined constant import - assumed 'import' E:\www\sc-csm\Application\Runtime\Cache\Admin\70619b898e29e62c68b1d45593e161aa.php 第 22 行.
NOTIC: [8] Undefined index: id E:\www\sc-csm\Application\Runtime\Cache\Admin\70619b898e29e62c68b1d45593e161aa.php 第 14 行.
NOTIC: [8] Use of undefined constant import - assumed 'import' E:\www\sc-csm\Application\Runtime\Cache\Admin\70619b898e29e62c68b1d45593e161aa.php 第 22 行.
INFO: Run Behavior\ParseTemplateBehavior [ RunTime:0.004650s ]
INFO: [ view_parse ] --END-- [ RunTime:0.004695s ]
INFO: [ view_filter ] --START--
INFO: Run Behavior\WriteHtmlCacheBehavior [ RunTime:0.000240s ]
INFO: [ view_filter ] --END-- [ RunTime:0.000285s ]
INFO: [ app_end ] --START--
INFO: Run Behavior\ShowPageTraceBehavior [ RunTime:0.000339s ]
INFO: [ app_end ] --END-- [ RunTime:0.000362s ]

