[ 2016-09-09T17:16:06+08:00 ] 127.0.0.1 /index.php/Admin/Index/delcache.html
INFO: [ app_init ] --START--
INFO: Run Behavior\BuildLiteBehavior [ RunTime:0.000009s ]
INFO: [ app_init ] --END-- [ RunTime:0.000236s ]
INFO: [ app_begin ] --START--
INFO: Run Behavior\ReadHtmlCacheBehavior [ RunTime:0.000524s ]
INFO: [ app_begin ] --END-- [ RunTime:0.000555s ]

[ 2016-09-09T17:16:08+08:00 ] 127.0.0.1 /index.php/Admin/Public/logout.html
INFO: [ app_init ] --START--
INFO: Run Behavior\BuildLiteBehavior [ RunTime:0.000008s ]
INFO: [ app_init ] --END-- [ RunTime:0.000275s ]
INFO: [ app_begin ] --START--
INFO: Run Behavior\ReadHtmlCacheBehavior [ RunTime:0.000419s ]
INFO: [ app_begin ] --END-- [ RunTime:0.000452s ]

[ 2016-09-09T17:16:08+08:00 ] 127.0.0.1 /index.php/Admin/Public/login.html
INFO: [ app_init ] --START--
INFO: Run Behavior\BuildLiteBehavior [ RunTime:0.000009s ]
INFO: [ app_init ] --END-- [ RunTime:0.000249s ]
INFO: [ app_begin ] --START--
INFO: Run Behavior\ReadHtmlCacheBehavior [ RunTime:0.000299s ]
INFO: [ app_begin ] --END-- [ RunTime:0.000333s ]
INFO: [ view_parse ] --START--
INFO: [ template_filter ] --START--
INFO: Run Behavior\ContentReplaceBehavior [ RunTime:0.000069s ]
INFO: [ template_filter ] --END-- [ RunTime:0.000097s ]
INFO: Run Behavior\ParseTemplateBehavior [ RunTime:0.004369s ]
INFO: [ view_parse ] --END-- [ RunTime:0.004398s ]
INFO: [ view_filter ] --START--
INFO: Run Behavior\WriteHtmlCacheBehavior [ RunTime:0.000289s ]
INFO: [ view_filter ] --END-- [ RunTime:0.000322s ]
INFO: [ app_end ] --START--
INFO: Run Behavior\ShowPageTraceBehavior [ RunTime:0.000529s ]
INFO: [ app_end ] --END-- [ RunTime:0.000564s ]

[ 2016-09-09T17:16:09+08:00 ] 127.0.0.1 /index.php/Admin/Public/verify.html?t=0.9089781711396544
INFO: [ app_init ] --START--
INFO: Run Behavior\BuildLiteBehavior [ RunTime:0.000011s ]
INFO: [ app_init ] --END-- [ RunTime:0.000282s ]
INFO: [ app_begin ] --START--
INFO: Run Behavior\ReadHtmlCacheBehavior [ RunTime:0.000383s ]
INFO: [ app_begin ] --END-- [ RunTime:0.000422s ]
INFO: [ app_end ] --START--
INFO: Run Behavior\ShowPageTraceBehavior [ RunTime:0.000404s ]
INFO: [ app_end ] --END-- [ RunTime:0.000451s ]

[ 2016-09-09T17:16:17+08:00 ] 127.0.0.1 /index.php/Admin/Public/login.html
INFO: [ app_init ] --START--
INFO: Run Behavior\BuildLiteBehavior [ RunTime:0.000009s ]
INFO: [ app_init ] --END-- [ RunTime:0.000229s ]
INFO: [ app_begin ] --START--
INFO: Run Behavior\ReadHtmlCacheBehavior [ RunTime:0.000269s ]
INFO: [ app_begin ] --END-- [ RunTime:0.000298s ]
SQL: SHOW COLUMNS FROM `sc_manager` [ RunTime:0.0664s ]
SQL: SELECT * FROM `sc_manager` WHERE `username` = 'root' AND `password` = 'bf718be634272ecc25bf48246206ba64' AND `status` = 1 LIMIT 1   [ RunTime:0.0003s ]
SQL: UPDATE `sc_manager` SET `last_login_time`='1473412577',`last_login_ip`='2130706433' WHERE `id` = 5 [ RunTime:0.1252s ]

[ 2016-09-09T17:16:17+08:00 ] 127.0.0.1 /index.php/Admin/Index/index.html
INFO: [ app_init ] --START--
INFO: Run Behavior\BuildLiteBehavior [ RunTime:0.000023s ]
INFO: [ app_init ] --END-- [ RunTime:0.000378s ]
INFO: [ app_begin ] --START--
INFO: Run Behavior\ReadHtmlCacheBehavior [ RunTime:0.000326s ]
INFO: [ app_begin ] --END-- [ RunTime:0.000363s ]
SQL: SHOW COLUMNS FROM `sc_config` [ RunTime:0.0039s ]
SQL: SELECT `name`,`value`,`type` FROM `sc_config` WHERE ( status = 1 )  [ RunTime:0.0002s ]

[ 2016-09-09T17:16:18+08:00 ] 127.0.0.1 /index.php/Admin/Index/index_layout.html?_=1473412578141
INFO: [ app_init ] --START--
INFO: Run Behavior\BuildLiteBehavior [ RunTime:0.000010s ]
INFO: [ app_init ] --END-- [ RunTime:0.000253s ]
INFO: [ app_begin ] --START--
INFO: Run Behavior\ReadHtmlCacheBehavior [ RunTime:0.000323s ]
INFO: [ app_begin ] --END-- [ RunTime:0.000373s ]
NOTIC: [2] Missing argument 1 for Admin\Controller\AdminController::checkConfigRule(), called in E:\www\sc-csm\Application\Admin\Controller\AdminController.class.php on line 32 and defined E:\www\sc-csm\Application\Admin\Controller\AdminController.class.php 第 46 行.
NOTIC: [8] Use of undefined constant WEB_PATH - assumed 'WEB_PATH' E:\www\sc-csm\Application\Admin\Controller\IndexController.class.php 第 47 行.
INFO: [ view_parse ] --START--
INFO: [ template_filter ] --START--
INFO: Run Behavior\ContentReplaceBehavior [ RunTime:0.000051s ]
INFO: [ template_filter ] --END-- [ RunTime:0.000106s ]
INFO: Run Behavior\ParseTemplateBehavior [ RunTime:0.005219s ]
INFO: [ view_parse ] --END-- [ RunTime:0.005270s ]
INFO: [ view_filter ] --START--
INFO: Run Behavior\WriteHtmlCacheBehavior [ RunTime:0.000175s ]
INFO: [ view_filter ] --END-- [ RunTime:0.000210s ]
INFO: [ app_end ] --START--
INFO: Run Behavior\ShowPageTraceBehavior [ RunTime:0.000299s ]
INFO: [ app_end ] --END-- [ RunTime:0.000335s ]

[ 2016-09-09T17:16:18+08:00 ] 127.0.0.1 /index.php/Admin/Index/images/group.png
INFO: [ app_init ] --START--
INFO: Run Behavior\BuildLiteBehavior [ RunTime:0.000009s ]
INFO: [ app_init ] --END-- [ RunTime:0.000248s ]

[ 2016-09-09T17:16:20+08:00 ] 127.0.0.1 /index.php/Admin/AuthRule/index.html?_=1473412580379
INFO: [ app_init ] --START--
INFO: Run Behavior\BuildLiteBehavior [ RunTime:0.000010s ]
INFO: [ app_init ] --END-- [ RunTime:0.000245s ]
INFO: [ app_begin ] --START--
INFO: Run Behavior\ReadHtmlCacheBehavior [ RunTime:0.000293s ]
INFO: [ app_begin ] --END-- [ RunTime:0.000324s ]
NOTIC: [2] Missing argument 1 for Admin\Controller\AdminController::checkConfigRule(), called in E:\www\sc-csm\Application\Admin\Controller\AdminController.class.php on line 32 and defined E:\www\sc-csm\Application\Admin\Controller\AdminController.class.php 第 46 行.
SQL: SHOW COLUMNS FROM `sc_auth_group_access` [ RunTime:0.0042s ]
SQL: SELECT `uid`,`group_id`,`title`,`rules` FROM sc_auth_group_access a INNER JOIN sc_auth_group g on a.group_id=g.id  WHERE ( a.uid='5' and g.status='1' )  [ RunTime:0.0004s ]
SQL: SHOW COLUMNS FROM `sc_auth_rule` [ RunTime:0.0034s ]
SQL: SELECT `condition`,`name` FROM `sc_auth_rule` WHERE `id` IN ('5','1','2','3','6','7','9','10','11') AND `type` = 1 AND `status` = 1  [ RunTime:0.0002s ]
SQL: SHOW COLUMNS FROM `sc_auth_rule` [ RunTime:0.0035s ]
SQL: SELECT * FROM `sc_auth_rule` ORDER BY sort, id asc  [ RunTime:0.0003s ]
INFO: [ view_parse ] --START--
INFO: [ template_filter ] --START--
INFO: Run Behavior\ContentReplaceBehavior [ RunTime:0.000043s ]
INFO: [ template_filter ] --END-- [ RunTime:0.000076s ]
INFO: Run Behavior\ParseTemplateBehavior [ RunTime:0.005734s ]
INFO: [ view_parse ] --END-- [ RunTime:0.005770s ]
INFO: [ view_filter ] --START--
INFO: Run Behavior\WriteHtmlCacheBehavior [ RunTime:0.000181s ]
INFO: [ view_filter ] --END-- [ RunTime:0.000204s ]
INFO: [ app_end ] --START--
INFO: Run Behavior\ShowPageTraceBehavior [ RunTime:0.000314s ]
INFO: [ app_end ] --END-- [ RunTime:0.000342s ]

[ 2016-09-09T17:16:22+08:00 ] 127.0.0.1 /index.php/Admin/AuthRule/add.html?_=1473412582283
INFO: [ app_init ] --START--
INFO: Run Behavior\BuildLiteBehavior [ RunTime:0.000013s ]
INFO: [ app_init ] --END-- [ RunTime:0.000350s ]
INFO: [ app_begin ] --START--
INFO: Run Behavior\ReadHtmlCacheBehavior [ RunTime:0.000417s ]
INFO: [ app_begin ] --END-- [ RunTime:0.000462s ]
NOTIC: [2] Missing argument 1 for Admin\Controller\AdminController::checkConfigRule(), called in E:\www\sc-csm\Application\Admin\Controller\AdminController.class.php on line 32 and defined E:\www\sc-csm\Application\Admin\Controller\AdminController.class.php 第 46 行.
SQL: SHOW COLUMNS FROM `sc_auth_group_access` [ RunTime:0.0037s ]
SQL: SELECT `uid`,`group_id`,`title`,`rules` FROM sc_auth_group_access a INNER JOIN sc_auth_group g on a.group_id=g.id  WHERE ( a.uid='5' and g.status='1' )  [ RunTime:0.0003s ]
SQL: SHOW COLUMNS FROM `sc_auth_rule` [ RunTime:0.0038s ]
SQL: SELECT `condition`,`name` FROM `sc_auth_rule` WHERE `id` IN ('5','1','2','3','6','7','9','10','11') AND `type` = 1 AND `status` = 1  [ RunTime:0.0002s ]

[ 2016-09-09T17:16:29+08:00 ] 127.0.0.1 /index.php/Admin/AuthRule/add.html?_=1473412589059
INFO: [ app_init ] --START--
INFO: Run Behavior\BuildLiteBehavior [ RunTime:0.000010s ]
INFO: [ app_init ] --END-- [ RunTime:0.000265s ]
INFO: [ app_begin ] --START--
INFO: Run Behavior\ReadHtmlCacheBehavior [ RunTime:0.000308s ]
INFO: [ app_begin ] --END-- [ RunTime:0.000341s ]
NOTIC: [2] Missing argument 1 for Admin\Controller\AdminController::checkConfigRule(), called in E:\www\sc-csm\Application\Admin\Controller\AdminController.class.php on line 32 and defined E:\www\sc-csm\Application\Admin\Controller\AdminController.class.php 第 46 行.
SQL: SHOW COLUMNS FROM `sc_auth_group_access` [ RunTime:0.0035s ]
SQL: SELECT `uid`,`group_id`,`title`,`rules` FROM sc_auth_group_access a INNER JOIN sc_auth_group g on a.group_id=g.id  WHERE ( a.uid='5' and g.status='1' )  [ RunTime:0.0003s ]
SQL: SHOW COLUMNS FROM `sc_auth_rule` [ RunTime:0.0038s ]
SQL: SELECT `condition`,`name` FROM `sc_auth_rule` WHERE `id` IN ('5','1','2','3','6','7','9','10','11') AND `type` = 1 AND `status` = 1  [ RunTime:0.0003s ]

[ 2016-09-09T17:18:39+08:00 ] 127.0.0.1 /index.php/Admin/Index/index.html
INFO: [ app_init ] --START--
INFO: Run Behavior\BuildLiteBehavior [ RunTime:0.000015s ]
INFO: [ app_init ] --END-- [ RunTime:0.000504s ]
INFO: [ app_begin ] --START--
INFO: Run Behavior\ReadHtmlCacheBehavior [ RunTime:0.000756s ]
INFO: [ app_begin ] --END-- [ RunTime:0.000815s ]

[ 2016-09-09T17:18:40+08:00 ] 127.0.0.1 /index.php/Admin/Index/index_layout.html?_=1473412720061
INFO: [ app_init ] --START--
INFO: Run Behavior\BuildLiteBehavior [ RunTime:0.000021s ]
INFO: [ app_init ] --END-- [ RunTime:0.000636s ]
INFO: [ app_begin ] --START--
INFO: Run Behavior\ReadHtmlCacheBehavior [ RunTime:0.000754s ]
INFO: [ app_begin ] --END-- [ RunTime:0.000834s ]
NOTIC: [2] Missing argument 1 for Admin\Controller\AdminController::checkConfigRule(), called in E:\www\sc-csm\Application\Admin\Controller\AdminController.class.php on line 32 and defined E:\www\sc-csm\Application\Admin\Controller\AdminController.class.php 第 46 行.
NOTIC: [8] Use of undefined constant WEB_PATH - assumed 'WEB_PATH' E:\www\sc-csm\Application\Admin\Controller\IndexController.class.php 第 47 行.
INFO: [ view_parse ] --START--
INFO: [ template_filter ] --START--
INFO: Run Behavior\ContentReplaceBehavior [ RunTime:0.000110s ]
INFO: [ template_filter ] --END-- [ RunTime:0.000181s ]
INFO: Run Behavior\ParseTemplateBehavior [ RunTime:0.009825s ]
INFO: [ view_parse ] --END-- [ RunTime:0.009896s ]
INFO: [ view_filter ] --START--
INFO: Run Behavior\WriteHtmlCacheBehavior [ RunTime:0.000244s ]
INFO: [ view_filter ] --END-- [ RunTime:0.000266s ]
INFO: [ app_end ] --START--
INFO: Run Behavior\ShowPageTraceBehavior [ RunTime:0.000381s ]
INFO: [ app_end ] --END-- [ RunTime:0.000424s ]

[ 2016-09-09T17:18:40+08:00 ] 127.0.0.1 /index.php/Admin/Index/images/group.png
INFO: [ app_init ] --START--
INFO: Run Behavior\BuildLiteBehavior [ RunTime:0.000009s ]
INFO: [ app_init ] --END-- [ RunTime:0.000314s ]

[ 2016-09-09T17:18:42+08:00 ] 127.0.0.1 /index.php/Admin/AuthRule/index.html?_=1473412722704
INFO: [ app_init ] --START--
INFO: Run Behavior\BuildLiteBehavior [ RunTime:0.000008s ]
INFO: [ app_init ] --END-- [ RunTime:0.000241s ]
INFO: [ app_begin ] --START--
INFO: Run Behavior\ReadHtmlCacheBehavior [ RunTime:0.000315s ]
INFO: [ app_begin ] --END-- [ RunTime:0.000344s ]
NOTIC: [2] Missing argument 1 for Admin\Controller\AdminController::checkConfigRule(), called in E:\www\sc-csm\Application\Admin\Controller\AdminController.class.php on line 32 and defined E:\www\sc-csm\Application\Admin\Controller\AdminController.class.php 第 46 行.
SQL: SHOW COLUMNS FROM `sc_auth_group_access` [ RunTime:0.0036s ]
SQL: SELECT `uid`,`group_id`,`title`,`rules` FROM sc_auth_group_access a INNER JOIN sc_auth_group g on a.group_id=g.id  WHERE ( a.uid='5' and g.status='1' )  [ RunTime:0.0003s ]
SQL: SHOW COLUMNS FROM `sc_auth_rule` [ RunTime:0.0037s ]
SQL: SELECT `condition`,`name` FROM `sc_auth_rule` WHERE `id` IN ('5','1','2','3','6','7','9','10','11') AND `type` = 1 AND `status` = 1  [ RunTime:0.0003s ]
SQL: SHOW COLUMNS FROM `sc_auth_rule` [ RunTime:0.0036s ]
SQL: SELECT * FROM `sc_auth_rule` ORDER BY sort, id asc  [ RunTime:0.0005s ]
INFO: [ view_parse ] --START--
INFO: [ template_filter ] --START--
INFO: Run Behavior\ContentReplaceBehavior [ RunTime:0.000040s ]
INFO: [ template_filter ] --END-- [ RunTime:0.000067s ]
INFO: Run Behavior\ParseTemplateBehavior [ RunTime:0.005397s ]
INFO: [ view_parse ] --END-- [ RunTime:0.005431s ]
INFO: [ view_filter ] --START--
INFO: Run Behavior\WriteHtmlCacheBehavior [ RunTime:0.000169s ]
INFO: [ view_filter ] --END-- [ RunTime:0.000201s ]
INFO: [ app_end ] --START--
INFO: Run Behavior\ShowPageTraceBehavior [ RunTime:0.000314s ]
INFO: [ app_end ] --END-- [ RunTime:0.000342s ]

[ 2016-09-09T17:18:44+08:00 ] 127.0.0.1 /index.php/Admin/AuthRule/add.html?_=1473412724244
INFO: [ app_init ] --START--
INFO: Run Behavior\BuildLiteBehavior [ RunTime:0.000010s ]
INFO: [ app_init ] --END-- [ RunTime:0.000244s ]
INFO: [ app_begin ] --START--
INFO: Run Behavior\ReadHtmlCacheBehavior [ RunTime:0.000341s ]
INFO: [ app_begin ] --END-- [ RunTime:0.000381s ]
NOTIC: [2] Missing argument 1 for Admin\Controller\AdminController::checkConfigRule(), called in E:\www\sc-csm\Application\Admin\Controller\AdminController.class.php on line 32 and defined E:\www\sc-csm\Application\Admin\Controller\AdminController.class.php 第 46 行.
SQL: SHOW COLUMNS FROM `sc_auth_group_access` [ RunTime:0.0036s ]
SQL: SELECT `uid`,`group_id`,`title`,`rules` FROM sc_auth_group_access a INNER JOIN sc_auth_group g on a.group_id=g.id  WHERE ( a.uid='5' and g.status='1' )  [ RunTime:0.0002s ]
SQL: SHOW COLUMNS FROM `sc_auth_rule` [ RunTime:0.0037s ]
SQL: SELECT `condition`,`name` FROM `sc_auth_rule` WHERE `id` IN ('5','1','2','3','6','7','9','10','11') AND `type` = 1 AND `status` = 1  [ RunTime:0.0003s ]

[ 2016-09-09T17:19:29+08:00 ] 127.0.0.1 /index.php/Admin/Index/index.html
INFO: [ app_init ] --START--
INFO: Run Behavior\BuildLiteBehavior [ RunTime:0.000020s ]
INFO: [ app_init ] --END-- [ RunTime:0.000642s ]
INFO: [ app_begin ] --START--
INFO: Run Behavior\ReadHtmlCacheBehavior [ RunTime:0.000720s ]
INFO: [ app_begin ] --END-- [ RunTime:0.000807s ]

[ 2016-09-09T17:19:31+08:00 ] 127.0.0.1 /index.php/Admin/Index/index_layout.html?_=1473412770795
INFO: [ app_init ] --START--
INFO: Run Behavior\BuildLiteBehavior [ RunTime:0.000012s ]
INFO: [ app_init ] --END-- [ RunTime:0.000324s ]
INFO: [ app_begin ] --START--
INFO: Run Behavior\ReadHtmlCacheBehavior [ RunTime:0.000393s ]
INFO: [ app_begin ] --END-- [ RunTime:0.000432s ]
NOTIC: [2] Missing argument 1 for Admin\Controller\AdminController::checkConfigRule(), called in E:\www\sc-csm\Application\Admin\Controller\AdminController.class.php on line 32 and defined E:\www\sc-csm\Application\Admin\Controller\AdminController.class.php 第 46 行.
NOTIC: [8] Use of undefined constant WEB_PATH - assumed 'WEB_PATH' E:\www\sc-csm\Application\Admin\Controller\IndexController.class.php 第 47 行.
INFO: [ view_parse ] --START--
INFO: [ template_filter ] --START--
INFO: Run Behavior\ContentReplaceBehavior [ RunTime:0.000063s ]
INFO: [ template_filter ] --END-- [ RunTime:0.000106s ]
INFO: Run Behavior\ParseTemplateBehavior [ RunTime:0.005705s ]
INFO: [ view_parse ] --END-- [ RunTime:0.005760s ]
INFO: [ view_filter ] --START--
INFO: Run Behavior\WriteHtmlCacheBehavior [ RunTime:0.000225s ]
INFO: [ view_filter ] --END-- [ RunTime:0.000254s ]
INFO: [ app_end ] --START--
INFO: Run Behavior\ShowPageTraceBehavior [ RunTime:0.000387s ]
INFO: [ app_end ] --END-- [ RunTime:0.000422s ]

[ 2016-09-09T17:19:31+08:00 ] 127.0.0.1 /index.php/Admin/Index/images/group.png
INFO: [ app_init ] --START--
INFO: Run Behavior\BuildLiteBehavior [ RunTime:0.000013s ]
INFO: [ app_init ] --END-- [ RunTime:0.000391s ]

[ 2016-09-09T17:19:33+08:00 ] 127.0.0.1 /index.php/Admin/AuthRule/index.html?_=1473412773379
INFO: [ app_init ] --START--
INFO: Run Behavior\BuildLiteBehavior [ RunTime:0.000009s ]
INFO: [ app_init ] --END-- [ RunTime:0.000237s ]
INFO: [ app_begin ] --START--
INFO: Run Behavior\ReadHtmlCacheBehavior [ RunTime:0.000282s ]
INFO: [ app_begin ] --END-- [ RunTime:0.000313s ]
NOTIC: [2] Missing argument 1 for Admin\Controller\AdminController::checkConfigRule(), called in E:\www\sc-csm\Application\Admin\Controller\AdminController.class.php on line 32 and defined E:\www\sc-csm\Application\Admin\Controller\AdminController.class.php 第 46 行.
SQL: SHOW COLUMNS FROM `sc_auth_group_access` [ RunTime:0.0075s ]
SQL: SELECT `uid`,`group_id`,`title`,`rules` FROM sc_auth_group_access a INNER JOIN sc_auth_group g on a.group_id=g.id  WHERE ( a.uid='5' and g.status='1' )  [ RunTime:0.0005s ]
SQL: SHOW COLUMNS FROM `sc_auth_rule` [ RunTime:0.0080s ]
SQL: SELECT `condition`,`name` FROM `sc_auth_rule` WHERE `id` IN ('5','1','2','3','6','7','9','10','11') AND `type` = 1 AND `status` = 1  [ RunTime:0.0005s ]
SQL: SHOW COLUMNS FROM `sc_auth_rule` [ RunTime:0.0086s ]
SQL: SELECT * FROM `sc_auth_rule` ORDER BY sort, id asc  [ RunTime:0.0007s ]
INFO: [ view_parse ] --START--
INFO: [ template_filter ] --START--
INFO: Run Behavior\ContentReplaceBehavior [ RunTime:0.000094s ]
INFO: [ template_filter ] --END-- [ RunTime:0.000168s ]
INFO: Run Behavior\ParseTemplateBehavior [ RunTime:0.012931s ]
INFO: [ view_parse ] --END-- [ RunTime:0.013010s ]
INFO: [ view_filter ] --START--
INFO: Run Behavior\WriteHtmlCacheBehavior [ RunTime:0.000438s ]
INFO: [ view_filter ] --END-- [ RunTime:0.000491s ]
INFO: [ app_end ] --START--
INFO: Run Behavior\ShowPageTraceBehavior [ RunTime:0.000743s ]
INFO: [ app_end ] --END-- [ RunTime:0.000811s ]

[ 2016-09-09T17:19:34+08:00 ] 127.0.0.1 /index.php/Admin/AuthRule/add.html?_=1473412774744
INFO: [ app_init ] --START--
INFO: Run Behavior\BuildLiteBehavior [ RunTime:0.000014s ]
INFO: [ app_init ] --END-- [ RunTime:0.000369s ]
INFO: [ app_begin ] --START--
INFO: Run Behavior\ReadHtmlCacheBehavior [ RunTime:0.000440s ]
INFO: [ app_begin ] --END-- [ RunTime:0.000491s ]
NOTIC: [2] Missing argument 1 for Admin\Controller\AdminController::checkConfigRule(), called in E:\www\sc-csm\Application\Admin\Controller\AdminController.class.php on line 32 and defined E:\www\sc-csm\Application\Admin\Controller\AdminController.class.php 第 46 行.
SQL: SHOW COLUMNS FROM `sc_auth_group_access` [ RunTime:0.0039s ]
SQL: SELECT `uid`,`group_id`,`title`,`rules` FROM sc_auth_group_access a INNER JOIN sc_auth_group g on a.group_id=g.id  WHERE ( a.uid='5' and g.status='1' )  [ RunTime:0.0005s ]
SQL: SHOW COLUMNS FROM `sc_auth_rule` [ RunTime:0.0042s ]
SQL: SELECT `condition`,`name` FROM `sc_auth_rule` WHERE `id` IN ('5','1','2','3','6','7','9','10','11') AND `type` = 1 AND `status` = 1  [ RunTime:0.0003s ]

[ 2016-09-09T17:20:02+08:00 ] 127.0.0.1 /index.php/Admin/Public/logout.html
INFO: [ app_init ] --START--
INFO: Run Behavior\BuildLiteBehavior [ RunTime:0.000010s ]
INFO: [ app_init ] --END-- [ RunTime:0.000245s ]
INFO: [ app_begin ] --START--
INFO: Run Behavior\ReadHtmlCacheBehavior [ RunTime:0.000320s ]
INFO: [ app_begin ] --END-- [ RunTime:0.000360s ]

[ 2016-09-09T17:20:02+08:00 ] 127.0.0.1 /index.php/Admin/Public/login.html
INFO: [ app_init ] --START--
INFO: Run Behavior\BuildLiteBehavior [ RunTime:0.000013s ]
INFO: [ app_init ] --END-- [ RunTime:0.000290s ]
INFO: [ app_begin ] --START--
INFO: Run Behavior\ReadHtmlCacheBehavior [ RunTime:0.000418s ]
INFO: [ app_begin ] --END-- [ RunTime:0.000495s ]
INFO: [ view_parse ] --START--
INFO: [ template_filter ] --START--
INFO: Run Behavior\ContentReplaceBehavior [ RunTime:0.000071s ]
INFO: [ template_filter ] --END-- [ RunTime:0.000104s ]
INFO: Run Behavior\ParseTemplateBehavior [ RunTime:0.003875s ]
INFO: [ view_parse ] --END-- [ RunTime:0.003907s ]
INFO: [ view_filter ] --START--
INFO: Run Behavior\WriteHtmlCacheBehavior [ RunTime:0.000165s ]
INFO: [ view_filter ] --END-- [ RunTime:0.000187s ]
INFO: [ app_end ] --START--
INFO: Run Behavior\ShowPageTraceBehavior [ RunTime:0.000280s ]
INFO: [ app_end ] --END-- [ RunTime:0.000306s ]

[ 2016-09-09T17:20:02+08:00 ] 127.0.0.1 /index.php/Admin/Public/verify.html?t=0.5276869959889232
INFO: [ app_init ] --START--
INFO: Run Behavior\BuildLiteBehavior [ RunTime:0.000009s ]
INFO: [ app_init ] --END-- [ RunTime:0.000254s ]
INFO: [ app_begin ] --START--
INFO: Run Behavior\ReadHtmlCacheBehavior [ RunTime:0.000319s ]
INFO: [ app_begin ] --END-- [ RunTime:0.000357s ]
INFO: [ app_end ] --START--
INFO: Run Behavior\ShowPageTraceBehavior [ RunTime:0.000302s ]
INFO: [ app_end ] --END-- [ RunTime:0.000338s ]

[ 2016-09-09T17:20:09+08:00 ] 127.0.0.1 /index.php/Admin/Public/verify.html?t=0.3484830219382098
INFO: [ app_init ] --START--
INFO: Run Behavior\BuildLiteBehavior [ RunTime:0.000008s ]
INFO: [ app_init ] --END-- [ RunTime:0.000246s ]
INFO: [ app_begin ] --START--
INFO: Run Behavior\ReadHtmlCacheBehavior [ RunTime:0.000307s ]
INFO: [ app_begin ] --END-- [ RunTime:0.000340s ]
INFO: [ app_end ] --START--
INFO: Run Behavior\ShowPageTraceBehavior [ RunTime:0.000322s ]
INFO: [ app_end ] --END-- [ RunTime:0.000357s ]

[ 2016-09-09T17:20:12+08:00 ] 127.0.0.1 /index.php/Admin/Public/login.html
INFO: [ app_init ] --START--
INFO: Run Behavior\BuildLiteBehavior [ RunTime:0.000009s ]
INFO: [ app_init ] --END-- [ RunTime:0.000261s ]
INFO: [ app_begin ] --START--
INFO: Run Behavior\ReadHtmlCacheBehavior [ RunTime:0.000317s ]
INFO: [ app_begin ] --END-- [ RunTime:0.000348s ]
SQL: SHOW COLUMNS FROM `sc_manager` [ RunTime:0.1298s ]
SQL: SELECT * FROM `sc_manager` WHERE `username` = 'admin' AND `password` = 'bf718be634272ecc25bf48246206ba64' AND `status` = 1 LIMIT 1   [ RunTime:0.0003s ]
SQL: UPDATE `sc_manager` SET `last_login_time`='1473412812',`last_login_ip`='2130706433' WHERE `id` = 1 [ RunTime:0.1070s ]

[ 2016-09-09T17:20:12+08:00 ] 127.0.0.1 /index.php/Admin/Index/index.html
INFO: [ app_init ] --START--
INFO: Run Behavior\BuildLiteBehavior [ RunTime:0.000008s ]
INFO: [ app_init ] --END-- [ RunTime:0.000227s ]
INFO: [ app_begin ] --START--
INFO: Run Behavior\ReadHtmlCacheBehavior [ RunTime:0.000278s ]
INFO: [ app_begin ] --END-- [ RunTime:0.000310s ]

[ 2016-09-09T17:20:13+08:00 ] 127.0.0.1 /index.php/Admin/Index/index_layout.html?_=1473412813079
INFO: [ app_init ] --START--
INFO: Run Behavior\BuildLiteBehavior [ RunTime:0.000010s ]
INFO: [ app_init ] --END-- [ RunTime:0.000244s ]
INFO: [ app_begin ] --START--
INFO: Run Behavior\ReadHtmlCacheBehavior [ RunTime:0.000301s ]
INFO: [ app_begin ] --END-- [ RunTime:0.000333s ]
NOTIC: [8] Use of undefined constant WEB_PATH - assumed 'WEB_PATH' E:\www\sc-csm\Application\Admin\Controller\IndexController.class.php 第 47 行.
INFO: [ view_parse ] --START--
INFO: [ template_filter ] --START--
INFO: Run Behavior\ContentReplaceBehavior [ RunTime:0.000054s ]
INFO: [ template_filter ] --END-- [ RunTime:0.000092s ]
INFO: Run Behavior\ParseTemplateBehavior [ RunTime:0.004671s ]
INFO: [ view_parse ] --END-- [ RunTime:0.004710s ]
INFO: [ view_filter ] --START--
INFO: Run Behavior\WriteHtmlCacheBehavior [ RunTime:0.000166s ]
INFO: [ view_filter ] --END-- [ RunTime:0.000188s ]
INFO: [ app_end ] --START--
INFO: Run Behavior\ShowPageTraceBehavior [ RunTime:0.000362s ]
INFO: [ app_end ] --END-- [ RunTime:0.000394s ]

[ 2016-09-09T17:20:13+08:00 ] 127.0.0.1 /index.php/Admin/Index/images/group.png
INFO: [ app_init ] --START--
INFO: Run Behavior\BuildLiteBehavior [ RunTime:0.000008s ]
INFO: [ app_init ] --END-- [ RunTime:0.000236s ]

[ 2016-09-09T17:20:14+08:00 ] 127.0.0.1 /index.php/Admin/AuthRule/index.html?_=1473412814718
INFO: [ app_init ] --START--
INFO: Run Behavior\BuildLiteBehavior [ RunTime:0.000010s ]
INFO: [ app_init ] --END-- [ RunTime:0.000255s ]
INFO: [ app_begin ] --START--
INFO: Run Behavior\ReadHtmlCacheBehavior [ RunTime:0.000326s ]
INFO: [ app_begin ] --END-- [ RunTime:0.000357s ]
SQL: SHOW COLUMNS FROM `sc_auth_rule` [ RunTime:0.0040s ]
SQL: SELECT * FROM `sc_auth_rule` ORDER BY sort, id asc  [ RunTime:0.0004s ]
INFO: [ view_parse ] --START--
INFO: [ template_filter ] --START--
INFO: Run Behavior\ContentReplaceBehavior [ RunTime:0.000044s ]
INFO: [ template_filter ] --END-- [ RunTime:0.000074s ]
INFO: Run Behavior\ParseTemplateBehavior [ RunTime:0.005540s ]
INFO: [ view_parse ] --END-- [ RunTime:0.005576s ]
INFO: [ view_filter ] --START--
INFO: Run Behavior\WriteHtmlCacheBehavior [ RunTime:0.000185s ]
INFO: [ view_filter ] --END-- [ RunTime:0.000207s ]
INFO: [ app_end ] --START--
INFO: Run Behavior\ShowPageTraceBehavior [ RunTime:0.000338s ]
INFO: [ app_end ] --END-- [ RunTime:0.000367s ]

[ 2016-09-09T17:20:15+08:00 ] 127.0.0.1 /index.php/Admin/AuthRule/add.html?_=1473412815635
INFO: [ app_init ] --START--
INFO: Run Behavior\BuildLiteBehavior [ RunTime:0.000009s ]
INFO: [ app_init ] --END-- [ RunTime:0.000264s ]
INFO: [ app_begin ] --START--
INFO: Run Behavior\ReadHtmlCacheBehavior [ RunTime:0.000319s ]
INFO: [ app_begin ] --END-- [ RunTime:0.000355s ]
SQL: SHOW COLUMNS FROM `sc_auth_rule` [ RunTime:0.0038s ]
SQL: SELECT * FROM `sc_auth_rule` WHERE `menutype` <> 3 ORDER BY sort, id asc  [ RunTime:0.0003s ]
INFO: [ view_parse ] --START--
INFO: [ template_filter ] --START--
INFO: Run Behavior\ContentReplaceBehavior [ RunTime:0.000043s ]
INFO: [ template_filter ] --END-- [ RunTime:0.000080s ]
INFO: Run Behavior\ParseTemplateBehavior [ RunTime:0.014631s ]
INFO: [ view_parse ] --END-- [ RunTime:0.014675s ]
INFO: [ view_filter ] --START--
INFO: Run Behavior\WriteHtmlCacheBehavior [ RunTime:0.000190s ]
INFO: [ view_filter ] --END-- [ RunTime:0.000214s ]
INFO: [ app_end ] --START--
INFO: Run Behavior\ShowPageTraceBehavior [ RunTime:0.000312s ]
INFO: [ app_end ] --END-- [ RunTime:0.000338s ]

[ 2016-09-09T17:20:21+08:00 ] 127.0.0.1 /index.php/Admin/AuthRule/add.html?_=1473412821806
INFO: [ app_init ] --START--
INFO: Run Behavior\BuildLiteBehavior [ RunTime:0.000012s ]
INFO: [ app_init ] --END-- [ RunTime:0.000286s ]
INFO: [ app_begin ] --START--
INFO: Run Behavior\ReadHtmlCacheBehavior [ RunTime:0.000338s ]
INFO: [ app_begin ] --END-- [ RunTime:0.000373s ]
SQL: SHOW COLUMNS FROM `sc_auth_rule` [ RunTime:0.0042s ]
SQL: SELECT * FROM `sc_auth_rule` WHERE `menutype` <> 3 ORDER BY sort, id asc  [ RunTime:0.0003s ]
INFO: [ view_parse ] --START--
INFO: [ template_filter ] --START--
INFO: Run Behavior\ContentReplaceBehavior [ RunTime:0.000037s ]
INFO: [ template_filter ] --END-- [ RunTime:0.000063s ]
INFO: Run Behavior\ParseTemplateBehavior [ RunTime:0.003988s ]
INFO: [ view_parse ] --END-- [ RunTime:0.004019s ]
INFO: [ view_filter ] --START--
INFO: Run Behavior\WriteHtmlCacheBehavior [ RunTime:0.000161s ]
INFO: [ view_filter ] --END-- [ RunTime:0.000182s ]
INFO: [ app_end ] --START--
INFO: Run Behavior\ShowPageTraceBehavior [ RunTime:0.000306s ]
INFO: [ app_end ] --END-- [ RunTime:0.000332s ]

[ 2016-09-09T17:20:31+08:00 ] 127.0.0.1 /index.php/Admin/AuthRule/add.html?_=1473412831310
INFO: [ app_init ] --START--
INFO: Run Behavior\BuildLiteBehavior [ RunTime:0.000012s ]
INFO: [ app_init ] --END-- [ RunTime:0.000294s ]
INFO: [ app_begin ] --START--
INFO: Run Behavior\ReadHtmlCacheBehavior [ RunTime:0.000368s ]
INFO: [ app_begin ] --END-- [ RunTime:0.000417s ]
SQL: SHOW COLUMNS FROM `sc_auth_rule` [ RunTime:0.0042s ]
SQL: SELECT * FROM `sc_auth_rule` WHERE `menutype` <> 3 ORDER BY sort, id asc  [ RunTime:0.0003s ]
INFO: [ view_parse ] --START--
INFO: [ template_filter ] --START--
INFO: Run Behavior\ContentReplaceBehavior [ RunTime:0.000038s ]
INFO: [ template_filter ] --END-- [ RunTime:0.000065s ]
INFO: Run Behavior\ParseTemplateBehavior [ RunTime:0.004006s ]
INFO: [ view_parse ] --END-- [ RunTime:0.004040s ]
INFO: [ view_filter ] --START--
INFO: Run Behavior\WriteHtmlCacheBehavior [ RunTime:0.000157s ]
INFO: [ view_filter ] --END-- [ RunTime:0.000178s ]
INFO: [ app_end ] --START--
INFO: Run Behavior\ShowPageTraceBehavior [ RunTime:0.000273s ]
INFO: [ app_end ] --END-- [ RunTime:0.000298s ]

[ 2016-09-09T17:21:01+08:00 ] 127.0.0.1 /index.php/Admin/Index/index.html
INFO: [ app_init ] --START--
INFO: Run Behavior\BuildLiteBehavior [ RunTime:0.000009s ]
INFO: [ app_init ] --END-- [ RunTime:0.000299s ]
INFO: [ app_begin ] --START--
INFO: Run Behavior\ReadHtmlCacheBehavior [ RunTime:0.000417s ]
INFO: [ app_begin ] --END-- [ RunTime:0.000450s ]

[ 2016-09-09T17:21:02+08:00 ] 127.0.0.1 /index.php/Admin/Index/index_layout.html?_=1473412861981
INFO: [ app_init ] --START--
INFO: Run Behavior\BuildLiteBehavior [ RunTime:0.000009s ]
INFO: [ app_init ] --END-- [ RunTime:0.000241s ]
INFO: [ app_begin ] --START--
INFO: Run Behavior\ReadHtmlCacheBehavior [ RunTime:0.000303s ]
INFO: [ app_begin ] --END-- [ RunTime:0.000385s ]
NOTIC: [2] Missing argument 1 for Admin\Controller\AdminController::checkConfigRule(), called in E:\www\sc-csm\Application\Admin\Controller\AdminController.class.php on line 32 and defined E:\www\sc-csm\Application\Admin\Controller\AdminController.class.php 第 46 行.
NOTIC: [8] Use of undefined constant WEB_PATH - assumed 'WEB_PATH' E:\www\sc-csm\Application\Admin\Controller\IndexController.class.php 第 47 行.
INFO: [ view_parse ] --START--
INFO: [ template_filter ] --START--
INFO: Run Behavior\ContentReplaceBehavior [ RunTime:0.000044s ]
INFO: [ template_filter ] --END-- [ RunTime:0.000072s ]
INFO: Run Behavior\ParseTemplateBehavior [ RunTime:0.004446s ]
INFO: [ view_parse ] --END-- [ RunTime:0.004483s ]
INFO: [ view_filter ] --START--
INFO: Run Behavior\WriteHtmlCacheBehavior [ RunTime:0.000159s ]
INFO: [ view_filter ] --END-- [ RunTime:0.000179s ]
INFO: [ app_end ] --START--
INFO: Run Behavior\ShowPageTraceBehavior [ RunTime:0.000290s ]
INFO: [ app_end ] --END-- [ RunTime:0.000340s ]

[ 2016-09-09T17:21:02+08:00 ] 127.0.0.1 /index.php/Admin/Index/images/group.png
INFO: [ app_init ] --START--
INFO: Run Behavior\BuildLiteBehavior [ RunTime:0.000012s ]
INFO: [ app_init ] --END-- [ RunTime:0.000381s ]

[ 2016-09-09T17:21:03+08:00 ] 127.0.0.1 /index.php/Admin/AuthRule/index.html?_=1473412863243
INFO: [ app_init ] --START--
INFO: Run Behavior\BuildLiteBehavior [ RunTime:0.000010s ]
INFO: [ app_init ] --END-- [ RunTime:0.000317s ]
INFO: [ app_begin ] --START--
INFO: Run Behavior\ReadHtmlCacheBehavior [ RunTime:0.000307s ]
INFO: [ app_begin ] --END-- [ RunTime:0.000340s ]
NOTIC: [2] Missing argument 1 for Admin\Controller\AdminController::checkConfigRule(), called in E:\www\sc-csm\Application\Admin\Controller\AdminController.class.php on line 32 and defined E:\www\sc-csm\Application\Admin\Controller\AdminController.class.php 第 46 行.
SQL: SHOW COLUMNS FROM `sc_auth_group_access` [ RunTime:0.0034s ]
SQL: SELECT `uid`,`group_id`,`title`,`rules` FROM sc_auth_group_access a INNER JOIN sc_auth_group g on a.group_id=g.id  WHERE ( a.uid='5' and g.status='1' )  [ RunTime:0.0002s ]
SQL: SHOW COLUMNS FROM `sc_auth_rule` [ RunTime:0.0034s ]
SQL: SELECT `condition`,`name` FROM `sc_auth_rule` WHERE `id` IN ('5','1','2','3','6','7','9','10','11') AND `type` = 1 AND `status` = 1  [ RunTime:0.0002s ]
SQL: SHOW COLUMNS FROM `sc_auth_rule` [ RunTime:0.0036s ]
SQL: SELECT * FROM `sc_auth_rule` ORDER BY sort, id asc  [ RunTime:0.0003s ]
INFO: [ view_parse ] --START--
INFO: [ template_filter ] --START--
INFO: Run Behavior\ContentReplaceBehavior [ RunTime:0.000040s ]
INFO: [ template_filter ] --END-- [ RunTime:0.000071s ]
INFO: Run Behavior\ParseTemplateBehavior [ RunTime:0.005708s ]
INFO: [ view_parse ] --END-- [ RunTime:0.005746s ]
INFO: [ view_filter ] --START--
INFO: Run Behavior\WriteHtmlCacheBehavior [ RunTime:0.000209s ]
INFO: [ view_filter ] --END-- [ RunTime:0.000231s ]
INFO: [ app_end ] --START--
INFO: Run Behavior\ShowPageTraceBehavior [ RunTime:0.000317s ]
INFO: [ app_end ] --END-- [ RunTime:0.000345s ]

[ 2016-09-09T17:21:04+08:00 ] 127.0.0.1 /index.php/Admin/AuthRule/add.html?_=1473412864165
INFO: [ app_init ] --START--
INFO: Run Behavior\BuildLiteBehavior [ RunTime:0.000009s ]
INFO: [ app_init ] --END-- [ RunTime:0.000264s ]
INFO: [ app_begin ] --START--
INFO: Run Behavior\ReadHtmlCacheBehavior [ RunTime:0.000338s ]
INFO: [ app_begin ] --END-- [ RunTime:0.000378s ]
NOTIC: [2] Missing argument 1 for Admin\Controller\AdminController::checkConfigRule(), called in E:\www\sc-csm\Application\Admin\Controller\AdminController.class.php on line 32 and defined E:\www\sc-csm\Application\Admin\Controller\AdminController.class.php 第 46 行.
SQL: SHOW COLUMNS FROM `sc_auth_group_access` [ RunTime:0.0033s ]
SQL: SELECT `uid`,`group_id`,`title`,`rules` FROM sc_auth_group_access a INNER JOIN sc_auth_group g on a.group_id=g.id  WHERE ( a.uid='5' and g.status='1' )  [ RunTime:0.0003s ]
SQL: SHOW COLUMNS FROM `sc_auth_rule` [ RunTime:0.0038s ]
SQL: SELECT `condition`,`name` FROM `sc_auth_rule` WHERE `id` IN ('5','1','2','3','6','7','9','10','11') AND `type` = 1 AND `status` = 1  [ RunTime:0.0003s ]

[ 2016-09-09T17:21:07+08:00 ] 127.0.0.1 /index.php/Admin/Index/index.html
INFO: [ app_init ] --START--
INFO: Run Behavior\BuildLiteBehavior [ RunTime:0.000012s ]
INFO: [ app_init ] --END-- [ RunTime:0.000273s ]
INFO: [ app_begin ] --START--
INFO: Run Behavior\ReadHtmlCacheBehavior [ RunTime:0.000655s ]
INFO: [ app_begin ] --END-- [ RunTime:0.000711s ]

[ 2016-09-09T17:21:08+08:00 ] 127.0.0.1 /index.php/Admin/Index/index_layout.html?_=1473412868113
INFO: [ app_init ] --START--
INFO: Run Behavior\BuildLiteBehavior [ RunTime:0.000023s ]
INFO: [ app_init ] --END-- [ RunTime:0.000462s ]
INFO: [ app_begin ] --START--
INFO: Run Behavior\ReadHtmlCacheBehavior [ RunTime:0.000592s ]
INFO: [ app_begin ] --END-- [ RunTime:0.000640s ]
NOTIC: [8] Use of undefined constant WEB_PATH - assumed 'WEB_PATH' E:\www\sc-csm\Application\Admin\Controller\IndexController.class.php 第 47 行.
INFO: [ view_parse ] --START--
INFO: [ template_filter ] --START--
INFO: Run Behavior\ContentReplaceBehavior [ RunTime:0.000070s ]
INFO: [ template_filter ] --END-- [ RunTime:0.000125s ]
INFO: Run Behavior\ParseTemplateBehavior [ RunTime:0.005880s ]
INFO: [ view_parse ] --END-- [ RunTime:0.005944s ]
INFO: [ view_filter ] --START--
INFO: Run Behavior\WriteHtmlCacheBehavior [ RunTime:0.000573s ]
INFO: [ view_filter ] --END-- [ RunTime:0.000609s ]
INFO: [ app_end ] --START--
INFO: Run Behavior\ShowPageTraceBehavior [ RunTime:0.000900s ]
INFO: [ app_end ] --END-- [ RunTime:0.000950s ]

[ 2016-09-09T17:21:08+08:00 ] 127.0.0.1 /index.php/Admin/Index/images/group.png
INFO: [ app_init ] --START--
INFO: Run Behavior\BuildLiteBehavior [ RunTime:0.000025s ]
INFO: [ app_init ] --END-- [ RunTime:0.000507s ]

[ 2016-09-09T17:21:09+08:00 ] 127.0.0.1 /index.php/Admin/AuthRule/index.html?_=1473412869100
INFO: [ app_init ] --START--
INFO: Run Behavior\BuildLiteBehavior [ RunTime:0.000009s ]
INFO: [ app_init ] --END-- [ RunTime:0.000232s ]
INFO: [ app_begin ] --START--
INFO: Run Behavior\ReadHtmlCacheBehavior [ RunTime:0.000281s ]
INFO: [ app_begin ] --END-- [ RunTime:0.000310s ]
SQL: SHOW COLUMNS FROM `sc_auth_rule` [ RunTime:0.0047s ]
SQL: SELECT * FROM `sc_auth_rule` ORDER BY sort, id asc  [ RunTime:0.0004s ]
INFO: [ view_parse ] --START--
INFO: [ template_filter ] --START--
INFO: Run Behavior\ContentReplaceBehavior [ RunTime:0.000045s ]
INFO: [ template_filter ] --END-- [ RunTime:0.000081s ]
INFO: Run Behavior\ParseTemplateBehavior [ RunTime:0.005804s ]
INFO: [ view_parse ] --END-- [ RunTime:0.005842s ]
INFO: [ view_filter ] --START--
INFO: Run Behavior\WriteHtmlCacheBehavior [ RunTime:0.000376s ]
INFO: [ view_filter ] --END-- [ RunTime:0.000399s ]
INFO: [ app_end ] --START--
INFO: Run Behavior\ShowPageTraceBehavior [ RunTime:0.000629s ]
INFO: [ app_end ] --END-- [ RunTime:0.000677s ]

[ 2016-09-09T17:21:10+08:00 ] 127.0.0.1 /index.php/Admin/AuthRule/add.html?_=1473412870392
INFO: [ app_init ] --START--
INFO: Run Behavior\BuildLiteBehavior [ RunTime:0.000010s ]
INFO: [ app_init ] --END-- [ RunTime:0.000280s ]
INFO: [ app_begin ] --START--
INFO: Run Behavior\ReadHtmlCacheBehavior [ RunTime:0.000308s ]
INFO: [ app_begin ] --END-- [ RunTime:0.000337s ]
SQL: SHOW COLUMNS FROM `sc_auth_rule` [ RunTime:0.0048s ]
SQL: SELECT * FROM `sc_auth_rule` WHERE `menutype` <> 3 ORDER BY sort, id asc  [ RunTime:0.0003s ]
INFO: [ view_parse ] --START--
INFO: [ template_filter ] --START--
INFO: Run Behavior\ContentReplaceBehavior [ RunTime:0.000084s ]
INFO: [ template_filter ] --END-- [ RunTime:0.000138s ]
INFO: Run Behavior\ParseTemplateBehavior [ RunTime:0.007777s ]
INFO: [ view_parse ] --END-- [ RunTime:0.007817s ]
INFO: [ view_filter ] --START--
INFO: Run Behavior\WriteHtmlCacheBehavior [ RunTime:0.000537s ]
INFO: [ view_filter ] --END-- [ RunTime:0.000571s ]
INFO: [ app_end ] --START--
INFO: Run Behavior\ShowPageTraceBehavior [ RunTime:0.000718s ]
INFO: [ app_end ] --END-- [ RunTime:0.000754s ]

[ 2016-09-09T17:21:26+08:00 ] 127.0.0.1 /index.php/Admin/Index/index.html
INFO: [ app_init ] --START--
INFO: Run Behavior\BuildLiteBehavior [ RunTime:0.000013s ]
INFO: [ app_init ] --END-- [ RunTime:0.000329s ]
INFO: [ app_begin ] --START--
INFO: Run Behavior\ReadHtmlCacheBehavior [ RunTime:0.000386s ]
INFO: [ app_begin ] --END-- [ RunTime:0.000430s ]

[ 2016-09-09T17:21:26+08:00 ] 127.0.0.1 /index.php/Admin/Index/index_layout.html?_=1473412886596
INFO: [ app_init ] --START--
INFO: Run Behavior\BuildLiteBehavior [ RunTime:0.000013s ]
INFO: [ app_init ] --END-- [ RunTime:0.000409s ]
INFO: [ app_begin ] --START--
INFO: Run Behavior\ReadHtmlCacheBehavior [ RunTime:0.000300s ]
INFO: [ app_begin ] --END-- [ RunTime:0.000333s ]
NOTIC: [8] Use of undefined constant WEB_PATH - assumed 'WEB_PATH' E:\www\sc-csm\Application\Admin\Controller\IndexController.class.php 第 47 行.
INFO: [ view_parse ] --START--
INFO: [ template_filter ] --START--
INFO: Run Behavior\ContentReplaceBehavior [ RunTime:0.000045s ]
INFO: [ template_filter ] --END-- [ RunTime:0.000075s ]
INFO: Run Behavior\ParseTemplateBehavior [ RunTime:0.004240s ]
INFO: [ view_parse ] --END-- [ RunTime:0.004279s ]
INFO: [ view_filter ] --START--
INFO: Run Behavior\WriteHtmlCacheBehavior [ RunTime:0.000171s ]
INFO: [ view_filter ] --END-- [ RunTime:0.000212s ]
INFO: [ app_end ] --START--
INFO: Run Behavior\ShowPageTraceBehavior [ RunTime:0.000308s ]
INFO: [ app_end ] --END-- [ RunTime:0.000338s ]

[ 2016-09-09T17:21:26+08:00 ] 127.0.0.1 /index.php/Admin/Index/images/group.png
INFO: [ app_init ] --START--
INFO: Run Behavior\BuildLiteBehavior [ RunTime:0.000010s ]
INFO: [ app_init ] --END-- [ RunTime:0.000280s ]

[ 2016-09-09T17:23:22+08:00 ] 127.0.0.1 /index.php/Admin/Index/index.html
INFO: [ app_init ] --START--
INFO: Run Behavior\BuildLiteBehavior [ RunTime:0.000015s ]
INFO: [ app_init ] --END-- [ RunTime:0.000568s ]
INFO: [ app_begin ] --START--
INFO: Run Behavior\ReadHtmlCacheBehavior [ RunTime:0.001044s ]
INFO: [ app_begin ] --END-- [ RunTime:0.001124s ]

[ 2016-09-09T17:23:23+08:00 ] 127.0.0.1 /index.php/Admin/Index/index_layout.html?_=1473413003573
INFO: [ app_init ] --START--
INFO: Run Behavior\BuildLiteBehavior [ RunTime:0.000021s ]
INFO: [ app_init ] --END-- [ RunTime:0.000601s ]
INFO: [ app_begin ] --START--
INFO: Run Behavior\ReadHtmlCacheBehavior [ RunTime:0.000745s ]
INFO: [ app_begin ] --END-- [ RunTime:0.000821s ]
NOTIC: [2] Missing argument 1 for Admin\Controller\AdminController::checkConfigRule(), called in E:\www\sc-csm\Application\Admin\Controller\AdminController.class.php on line 32 and defined E:\www\sc-csm\Application\Admin\Controller\AdminController.class.php 第 46 行.
NOTIC: [8] Use of undefined constant WEB_PATH - assumed 'WEB_PATH' E:\www\sc-csm\Application\Admin\Controller\IndexController.class.php 第 47 行.
INFO: [ view_parse ] --START--
INFO: [ template_filter ] --START--
INFO: Run Behavior\ContentReplaceBehavior [ RunTime:0.000047s ]
INFO: [ template_filter ] --END-- [ RunTime:0.000080s ]
INFO: Run Behavior\ParseTemplateBehavior [ RunTime:0.005412s ]
INFO: [ view_parse ] --END-- [ RunTime:0.005477s ]
INFO: [ view_filter ] --START--
INFO: Run Behavior\WriteHtmlCacheBehavior [ RunTime:0.000176s ]
INFO: [ view_filter ] --END-- [ RunTime:0.000197s ]
INFO: [ app_end ] --START--
INFO: Run Behavior\ShowPageTraceBehavior [ RunTime:0.000300s ]
INFO: [ app_end ] --END-- [ RunTime:0.000326s ]

[ 2016-09-09T17:23:23+08:00 ] 127.0.0.1 /index.php/Admin/Index/images/group.png
INFO: [ app_init ] --START--
INFO: Run Behavior\BuildLiteBehavior [ RunTime:0.000010s ]
INFO: [ app_init ] --END-- [ RunTime:0.000304s ]

[ 2016-09-09T17:23:26+08:00 ] 127.0.0.1 /index.php/Admin/AuthRule/index.html?_=1473413005884
INFO: [ app_init ] --START--
INFO: Run Behavior\BuildLiteBehavior [ RunTime:0.000009s ]
INFO: [ app_init ] --END-- [ RunTime:0.000280s ]
INFO: [ app_begin ] --START--
INFO: Run Behavior\ReadHtmlCacheBehavior [ RunTime:0.000287s ]
INFO: [ app_begin ] --END-- [ RunTime:0.000317s ]
NOTIC: [2] Missing argument 1 for Admin\Controller\AdminController::checkConfigRule(), called in E:\www\sc-csm\Application\Admin\Controller\AdminController.class.php on line 32 and defined E:\www\sc-csm\Application\Admin\Controller\AdminController.class.php 第 46 行.
SQL: SHOW COLUMNS FROM `sc_auth_group_access` [ RunTime:0.3735s ]
SQL: SELECT `uid`,`group_id`,`title`,`rules` FROM sc_auth_group_access a INNER JOIN sc_auth_group g on a.group_id=g.id  WHERE ( a.uid='5' and g.status='1' )  [ RunTime:0.0004s ]
SQL: SHOW COLUMNS FROM `sc_auth_rule` [ RunTime:0.0571s ]
SQL: SELECT `condition`,`name` FROM `sc_auth_rule` WHERE `id` IN ('5','1','2','3','6','7','9','10','11') AND `type` = 1 AND `status` = 1  [ RunTime:0.0002s ]
SQL: SHOW COLUMNS FROM `sc_auth_rule` [ RunTime:0.0037s ]
SQL: SELECT * FROM `sc_auth_rule` ORDER BY sort, id asc  [ RunTime:0.0003s ]
INFO: [ view_parse ] --START--
INFO: [ template_filter ] --START--
INFO: Run Behavior\ContentReplaceBehavior [ RunTime:0.000067s ]
INFO: [ template_filter ] --END-- [ RunTime:0.000113s ]
INFO: Run Behavior\ParseTemplateBehavior [ RunTime:0.006421s ]
INFO: [ view_parse ] --END-- [ RunTime:0.006456s ]
INFO: [ view_filter ] --START--
INFO: Run Behavior\WriteHtmlCacheBehavior [ RunTime:0.000223s ]
INFO: [ view_filter ] --END-- [ RunTime:0.000254s ]
INFO: [ app_end ] --START--
INFO: Run Behavior\ShowPageTraceBehavior [ RunTime:0.000329s ]
INFO: [ app_end ] --END-- [ RunTime:0.000354s ]

[ 2016-09-09T17:23:27+08:00 ] 127.0.0.1 /index.php/Admin/AuthRule/add.html?_=1473413007460
INFO: [ app_init ] --START--
INFO: Run Behavior\BuildLiteBehavior [ RunTime:0.000010s ]
INFO: [ app_init ] --END-- [ RunTime:0.000250s ]
INFO: [ app_begin ] --START--
INFO: Run Behavior\ReadHtmlCacheBehavior [ RunTime:0.000330s ]
INFO: [ app_begin ] --END-- [ RunTime:0.000362s ]
NOTIC: [2] Missing argument 1 for Admin\Controller\AdminController::checkConfigRule(), called in E:\www\sc-csm\Application\Admin\Controller\AdminController.class.php on line 32 and defined E:\www\sc-csm\Application\Admin\Controller\AdminController.class.php 第 46 行.
SQL: SHOW COLUMNS FROM `sc_auth_group_access` [ RunTime:0.0041s ]
SQL: SELECT `uid`,`group_id`,`title`,`rules` FROM sc_auth_group_access a INNER JOIN sc_auth_group g on a.group_id=g.id  WHERE ( a.uid='5' and g.status='1' )  [ RunTime:0.0005s ]
SQL: SHOW COLUMNS FROM `sc_auth_rule` [ RunTime:0.0040s ]
SQL: SELECT `condition`,`name` FROM `sc_auth_rule` WHERE `id` IN ('5','1','2','3','6','7','9','10','11') AND `type` = 1 AND `status` = 1  [ RunTime:0.0003s ]

[ 2016-09-09T17:23:32+08:00 ] 127.0.0.1 /index.php/Admin/Index/index.html
INFO: [ app_init ] --START--
INFO: Run Behavior\BuildLiteBehavior [ RunTime:0.000010s ]
INFO: [ app_init ] --END-- [ RunTime:0.000333s ]
INFO: [ app_begin ] --START--
INFO: Run Behavior\ReadHtmlCacheBehavior [ RunTime:0.000622s ]
INFO: [ app_begin ] --END-- [ RunTime:0.000662s ]

[ 2016-09-09T17:23:32+08:00 ] 127.0.0.1 /index.php/Admin/Index/index_layout.html?_=1473413012873
INFO: [ app_init ] --START--
INFO: Run Behavior\BuildLiteBehavior [ RunTime:0.000008s ]
INFO: [ app_init ] --END-- [ RunTime:0.000279s ]
INFO: [ app_begin ] --START--
INFO: Run Behavior\ReadHtmlCacheBehavior [ RunTime:0.000514s ]
INFO: [ app_begin ] --END-- [ RunTime:0.000545s ]
NOTIC: [8] Use of undefined constant WEB_PATH - assumed 'WEB_PATH' E:\www\sc-csm\Application\Admin\Controller\IndexController.class.php 第 47 行.
INFO: [ view_parse ] --START--
INFO: [ template_filter ] --START--
INFO: Run Behavior\ContentReplaceBehavior [ RunTime:0.000046s ]
INFO: [ template_filter ] --END-- [ RunTime:0.000080s ]
INFO: Run Behavior\ParseTemplateBehavior [ RunTime:0.005883s ]
INFO: [ view_parse ] --END-- [ RunTime:0.005923s ]
INFO: [ view_filter ] --START--
INFO: Run Behavior\WriteHtmlCacheBehavior [ RunTime:0.000481s ]
INFO: [ view_filter ] --END-- [ RunTime:0.000505s ]
INFO: [ app_end ] --START--
INFO: Run Behavior\ShowPageTraceBehavior [ RunTime:0.000603s ]
INFO: [ app_end ] --END-- [ RunTime:0.000633s ]

[ 2016-09-09T17:23:32+08:00 ] 127.0.0.1 /index.php/Admin/Index/images/group.png
INFO: [ app_init ] --START--
INFO: Run Behavior\BuildLiteBehavior [ RunTime:0.000011s ]
INFO: [ app_init ] --END-- [ RunTime:0.000307s ]

[ 2016-09-09T17:23:34+08:00 ] 127.0.0.1 /index.php/Admin/AuthRule/index.html?_=1473413013973
INFO: [ app_init ] --START--
INFO: Run Behavior\BuildLiteBehavior [ RunTime:0.000010s ]
INFO: [ app_init ] --END-- [ RunTime:0.000310s ]
INFO: [ app_begin ] --START--
INFO: Run Behavior\ReadHtmlCacheBehavior [ RunTime:0.000604s ]
INFO: [ app_begin ] --END-- [ RunTime:0.000641s ]
SQL: SHOW COLUMNS FROM `sc_auth_rule` [ RunTime:0.1392s ]
SQL: SELECT * FROM `sc_auth_rule` ORDER BY sort, id asc  [ RunTime:0.0004s ]
INFO: [ view_parse ] --START--
INFO: [ template_filter ] --START--
INFO: Run Behavior\ContentReplaceBehavior [ RunTime:0.000069s ]
INFO: [ template_filter ] --END-- [ RunTime:0.000117s ]
INFO: Run Behavior\ParseTemplateBehavior [ RunTime:0.009967s ]
INFO: [ view_parse ] --END-- [ RunTime:0.010015s ]
INFO: [ view_filter ] --START--
INFO: Run Behavior\WriteHtmlCacheBehavior [ RunTime:0.000579s ]
INFO: [ view_filter ] --END-- [ RunTime:0.000613s ]
INFO: [ app_end ] --START--
INFO: Run Behavior\ShowPageTraceBehavior [ RunTime:0.000962s ]
INFO: [ app_end ] --END-- [ RunTime:0.001031s ]

[ 2016-09-09T17:23:35+08:00 ] 127.0.0.1 /index.php/Admin/AuthRule/add.html?_=1473413015113
INFO: [ app_init ] --START--
INFO: Run Behavior\BuildLiteBehavior [ RunTime:0.000010s ]
INFO: [ app_init ] --END-- [ RunTime:0.000305s ]
INFO: [ app_begin ] --START--
INFO: Run Behavior\ReadHtmlCacheBehavior [ RunTime:0.000529s ]
INFO: [ app_begin ] --END-- [ RunTime:0.000562s ]
SQL: SHOW COLUMNS FROM `sc_auth_rule` [ RunTime:0.0037s ]
SQL: SELECT * FROM `sc_auth_rule` WHERE `menutype` <> 3 ORDER BY sort, id asc  [ RunTime:0.0003s ]
INFO: [ view_parse ] --START--
INFO: [ template_filter ] --START--
INFO: Run Behavior\ContentReplaceBehavior [ RunTime:0.000042s ]
INFO: [ template_filter ] --END-- [ RunTime:0.000081s ]
INFO: Run Behavior\ParseTemplateBehavior [ RunTime:0.006089s ]
INFO: [ view_parse ] --END-- [ RunTime:0.006125s ]
INFO: [ view_filter ] --START--
INFO: Run Behavior\WriteHtmlCacheBehavior [ RunTime:0.000404s ]
INFO: [ view_filter ] --END-- [ RunTime:0.000427s ]
INFO: [ app_end ] --START--
INFO: Run Behavior\ShowPageTraceBehavior [ RunTime:0.000556s ]
INFO: [ app_end ] --END-- [ RunTime:0.000581s ]

[ 2016-09-09T17:23:57+08:00 ] 127.0.0.1 /index.php/Admin/Index/index.html
INFO: [ app_init ] --START--
INFO: Run Behavior\BuildLiteBehavior [ RunTime:0.000014s ]
INFO: [ app_init ] --END-- [ RunTime:0.000448s ]
INFO: [ app_begin ] --START--
INFO: Run Behavior\ReadHtmlCacheBehavior [ RunTime:0.000513s ]
INFO: [ app_begin ] --END-- [ RunTime:0.000546s ]

[ 2016-09-09T17:24:41+08:00 ] 127.0.0.1 /index.php/Admin/Index/index.html
INFO: [ app_init ] --START--
INFO: Run Behavior\BuildLiteBehavior [ RunTime:0.000012s ]
INFO: [ app_init ] --END-- [ RunTime:0.000486s ]
INFO: [ app_begin ] --START--
INFO: Run Behavior\ReadHtmlCacheBehavior [ RunTime:0.000789s ]
INFO: [ app_begin ] --END-- [ RunTime:0.000841s ]

[ 2016-09-09T17:24:42+08:00 ] 127.0.0.1 /index.php/Admin/Index/index_layout.html?_=1473413082764
INFO: [ app_init ] --START--
INFO: Run Behavior\BuildLiteBehavior [ RunTime:0.000010s ]
INFO: [ app_init ] --END-- [ RunTime:0.000321s ]
INFO: [ app_begin ] --START--
INFO: Run Behavior\ReadHtmlCacheBehavior [ RunTime:0.000593s ]
INFO: [ app_begin ] --END-- [ RunTime:0.000628s ]
NOTIC: [2] Missing argument 1 for Admin\Controller\AdminController::checkConfigRule(), called in E:\www\sc-csm\Application\Admin\Controller\AdminController.class.php on line 32 and defined E:\www\sc-csm\Application\Admin\Controller\AdminController.class.php 第 46 行.
NOTIC: [8] Use of undefined constant WEB_PATH - assumed 'WEB_PATH' E:\www\sc-csm\Application\Admin\Controller\IndexController.class.php 第 47 行.
INFO: [ view_parse ] --START--
INFO: [ template_filter ] --START--
INFO: Run Behavior\ContentReplaceBehavior [ RunTime:0.000050s ]
INFO: [ template_filter ] --END-- [ RunTime:0.000084s ]
INFO: Run Behavior\ParseTemplateBehavior [ RunTime:0.005474s ]
INFO: [ view_parse ] --END-- [ RunTime:0.005523s ]
INFO: [ view_filter ] --START--
INFO: Run Behavior\WriteHtmlCacheBehavior [ RunTime:0.000445s ]
INFO: [ view_filter ] --END-- [ RunTime:0.000469s ]
INFO: [ app_end ] --START--
INFO: Run Behavior\ShowPageTraceBehavior [ RunTime:0.000571s ]
INFO: [ app_end ] --END-- [ RunTime:0.000601s ]

[ 2016-09-09T17:24:43+08:00 ] 127.0.0.1 /index.php/Admin/Index/images/group.png
INFO: [ app_init ] --START--
INFO: Run Behavior\BuildLiteBehavior [ RunTime:0.000012s ]
INFO: [ app_init ] --END-- [ RunTime:0.000405s ]

[ 2016-09-09T17:24:44+08:00 ] 127.0.0.1 /index.php/Admin/AuthRule/index.html?_=1473413084450
INFO: [ app_init ] --START--
INFO: Run Behavior\BuildLiteBehavior [ RunTime:0.000009s ]
INFO: [ app_init ] --END-- [ RunTime:0.000281s ]
INFO: [ app_begin ] --START--
INFO: Run Behavior\ReadHtmlCacheBehavior [ RunTime:0.000541s ]
INFO: [ app_begin ] --END-- [ RunTime:0.000574s ]
NOTIC: [2] Missing argument 1 for Admin\Controller\AdminController::checkConfigRule(), called in E:\www\sc-csm\Application\Admin\Controller\AdminController.class.php on line 32 and defined E:\www\sc-csm\Application\Admin\Controller\AdminController.class.php 第 46 行.
SQL: SHOW COLUMNS FROM `sc_auth_group_access` [ RunTime:0.0033s ]
SQL: SELECT `uid`,`group_id`,`title`,`rules` FROM sc_auth_group_access a INNER JOIN sc_auth_group g on a.group_id=g.id  WHERE ( a.uid='5' and g.status='1' )  [ RunTime:0.0003s ]
SQL: SHOW COLUMNS FROM `sc_auth_rule` [ RunTime:0.0035s ]
SQL: SELECT `condition`,`name` FROM `sc_auth_rule` WHERE `id` IN ('5','1','2','3','6','7','9','10','11') AND `type` = 1 AND `status` = 1  [ RunTime:0.0003s ]
SQL: SHOW COLUMNS FROM `sc_auth_rule` [ RunTime:0.0046s ]
SQL: SELECT * FROM `sc_auth_rule` ORDER BY sort, id asc  [ RunTime:0.0003s ]
INFO: [ view_parse ] --START--
INFO: [ template_filter ] --START--
INFO: Run Behavior\ContentReplaceBehavior [ RunTime:0.000042s ]
INFO: [ template_filter ] --END-- [ RunTime:0.000074s ]
INFO: Run Behavior\ParseTemplateBehavior [ RunTime:0.006369s ]
INFO: [ view_parse ] --END-- [ RunTime:0.006401s ]
INFO: [ view_filter ] --START--
INFO: Run Behavior\WriteHtmlCacheBehavior [ RunTime:0.000412s ]
INFO: [ view_filter ] --END-- [ RunTime:0.000435s ]
INFO: [ app_end ] --START--
INFO: Run Behavior\ShowPageTraceBehavior [ RunTime:0.000568s ]
INFO: [ app_end ] --END-- [ RunTime:0.000597s ]

[ 2016-09-09T17:24:50+08:00 ] 127.0.0.1 /index.php/Admin/Index/index.html
INFO: [ app_init ] --START--
INFO: Run Behavior\BuildLiteBehavior [ RunTime:0.000010s ]
INFO: [ app_init ] --END-- [ RunTime:0.000338s ]
INFO: [ app_begin ] --START--
INFO: Run Behavior\ReadHtmlCacheBehavior [ RunTime:0.000624s ]
INFO: [ app_begin ] --END-- [ RunTime:0.000667s ]

[ 2016-09-09T17:24:51+08:00 ] 127.0.0.1 /index.php/Admin/Index/index_layout.html?_=1473413091181
INFO: [ app_init ] --START--
INFO: Run Behavior\BuildLiteBehavior [ RunTime:0.000022s ]
INFO: [ app_init ] --END-- [ RunTime:0.000828s ]
INFO: [ app_begin ] --START--
INFO: Run Behavior\ReadHtmlCacheBehavior [ RunTime:0.001586s ]
INFO: [ app_begin ] --END-- [ RunTime:0.001671s ]
NOTIC: [2] Missing argument 1 for Admin\Controller\AdminController::checkConfigRule(), called in E:\www\sc-csm\Application\Admin\Controller\AdminController.class.php on line 32 and defined E:\www\sc-csm\Application\Admin\Controller\AdminController.class.php 第 46 行.
NOTIC: [8] Use of undefined constant WEB_PATH - assumed 'WEB_PATH' E:\www\sc-csm\Application\Admin\Controller\IndexController.class.php 第 47 行.
INFO: [ view_parse ] --START--
INFO: [ template_filter ] --START--
INFO: Run Behavior\ContentReplaceBehavior [ RunTime:0.000063s ]
INFO: [ template_filter ] --END-- [ RunTime:0.000105s ]
INFO: Run Behavior\ParseTemplateBehavior [ RunTime:0.007062s ]
INFO: [ view_parse ] --END-- [ RunTime:0.007119s ]
INFO: [ view_filter ] --START--
INFO: Run Behavior\WriteHtmlCacheBehavior [ RunTime:0.000585s ]
INFO: [ view_filter ] --END-- [ RunTime:0.000621s ]
INFO: [ app_end ] --START--
INFO: Run Behavior\ShowPageTraceBehavior [ RunTime:0.000752s ]
INFO: [ app_end ] --END-- [ RunTime:0.000791s ]

[ 2016-09-09T17:24:51+08:00 ] 127.0.0.1 /index.php/Admin/Index/images/group.png
INFO: [ app_init ] --START--
INFO: Run Behavior\BuildLiteBehavior [ RunTime:0.000010s ]
INFO: [ app_init ] --END-- [ RunTime:0.000312s ]

[ 2016-09-09T17:24:53+08:00 ] 127.0.0.1 /index.php/Admin/AuthRule/index.html?_=1473413093486
INFO: [ app_init ] --START--
INFO: Run Behavior\BuildLiteBehavior [ RunTime:0.000009s ]
INFO: [ app_init ] --END-- [ RunTime:0.000292s ]
INFO: [ app_begin ] --START--
INFO: Run Behavior\ReadHtmlCacheBehavior [ RunTime:0.000532s ]
INFO: [ app_begin ] --END-- [ RunTime:0.000564s ]
NOTIC: [2] Missing argument 1 for Admin\Controller\AdminController::checkConfigRule(), called in E:\www\sc-csm\Application\Admin\Controller\AdminController.class.php on line 32 and defined E:\www\sc-csm\Application\Admin\Controller\AdminController.class.php 第 46 行.
SQL: SHOW COLUMNS FROM `sc_auth_group_access` [ RunTime:0.0040s ]
SQL: SELECT `uid`,`group_id`,`title`,`rules` FROM sc_auth_group_access a INNER JOIN sc_auth_group g on a.group_id=g.id  WHERE ( a.uid='5' and g.status='1' )  [ RunTime:0.0003s ]
SQL: SHOW COLUMNS FROM `sc_auth_rule` [ RunTime:0.0038s ]
SQL: SELECT `condition`,`name` FROM `sc_auth_rule` WHERE `id` IN ('5','1','2','3','6','7','9','10','11') AND `type` = 1 AND `status` = 1  [ RunTime:0.0003s ]
SQL: SHOW COLUMNS FROM `sc_auth_rule` [ RunTime:0.0045s ]
SQL: SELECT * FROM `sc_auth_rule` ORDER BY sort, id asc  [ RunTime:0.0003s ]
INFO: [ view_parse ] --START--
INFO: [ template_filter ] --START--
INFO: Run Behavior\ContentReplaceBehavior [ RunTime:0.000040s ]
INFO: [ template_filter ] --END-- [ RunTime:0.000069s ]
INFO: Run Behavior\ParseTemplateBehavior [ RunTime:0.006307s ]
INFO: [ view_parse ] --END-- [ RunTime:0.006351s ]
INFO: [ view_filter ] --START--
INFO: Run Behavior\WriteHtmlCacheBehavior [ RunTime:0.000462s ]
INFO: [ view_filter ] --END-- [ RunTime:0.000497s ]
INFO: [ app_end ] --START--
INFO: Run Behavior\ShowPageTraceBehavior [ RunTime:0.000580s ]
INFO: [ app_end ] --END-- [ RunTime:0.000608s ]

[ 2016-09-09T17:25:25+08:00 ] 127.0.0.1 /index.php/Admin/Index/index.html
INFO: [ app_init ] --START--
INFO: Run Behavior\BuildLiteBehavior [ RunTime:0.000011s ]
INFO: [ app_init ] --END-- [ RunTime:0.000350s ]
INFO: [ app_begin ] --START--
INFO: Run Behavior\ReadHtmlCacheBehavior [ RunTime:0.000616s ]
INFO: [ app_begin ] --END-- [ RunTime:0.000657s ]

[ 2016-09-09T17:25:26+08:00 ] 127.0.0.1 /index.php/Admin/Index/index_layout.html?_=1473413126126
INFO: [ app_init ] --START--
INFO: Run Behavior\BuildLiteBehavior [ RunTime:0.000008s ]
INFO: [ app_init ] --END-- [ RunTime:0.000283s ]
INFO: [ app_begin ] --START--
INFO: Run Behavior\ReadHtmlCacheBehavior [ RunTime:0.000660s ]
INFO: [ app_begin ] --END-- [ RunTime:0.000706s ]
NOTIC: [2] Missing argument 1 for Admin\Controller\AdminController::checkConfigRule(), called in E:\www\sc-csm\Application\Admin\Controller\AdminController.class.php on line 32 and defined E:\www\sc-csm\Application\Admin\Controller\AdminController.class.php 第 46 行.
NOTIC: [8] Use of undefined constant WEB_PATH - assumed 'WEB_PATH' E:\www\sc-csm\Application\Admin\Controller\IndexController.class.php 第 47 行.
INFO: [ view_parse ] --START--
INFO: [ template_filter ] --START--
INFO: Run Behavior\ContentReplaceBehavior [ RunTime:0.000045s ]
INFO: [ template_filter ] --END-- [ RunTime:0.000076s ]
INFO: Run Behavior\ParseTemplateBehavior [ RunTime:0.005855s ]
INFO: [ view_parse ] --END-- [ RunTime:0.005899s ]
INFO: [ view_filter ] --START--
INFO: Run Behavior\WriteHtmlCacheBehavior [ RunTime:0.000455s ]
INFO: [ view_filter ] --END-- [ RunTime:0.000477s ]
INFO: [ app_end ] --START--
INFO: Run Behavior\ShowPageTraceBehavior [ RunTime:0.000577s ]
INFO: [ app_end ] --END-- [ RunTime:0.000603s ]

[ 2016-09-09T17:25:26+08:00 ] 127.0.0.1 /index.php/Admin/Index/images/group.png
INFO: [ app_init ] --START--
INFO: Run Behavior\BuildLiteBehavior [ RunTime:0.000010s ]
INFO: [ app_init ] --END-- [ RunTime:0.000311s ]

[ 2016-09-09T17:25:27+08:00 ] 127.0.0.1 /index.php/Admin/AuthRule/index.html?_=1473413127083
INFO: [ app_init ] --START--
INFO: Run Behavior\BuildLiteBehavior [ RunTime:0.000008s ]
INFO: [ app_init ] --END-- [ RunTime:0.000277s ]
INFO: [ app_begin ] --START--
INFO: Run Behavior\ReadHtmlCacheBehavior [ RunTime:0.000498s ]
INFO: [ app_begin ] --END-- [ RunTime:0.000527s ]
NOTIC: [2] Missing argument 1 for Admin\Controller\AdminController::checkConfigRule(), called in E:\www\sc-csm\Application\Admin\Controller\AdminController.class.php on line 32 and defined E:\www\sc-csm\Application\Admin\Controller\AdminController.class.php 第 46 行.
SQL: SHOW COLUMNS FROM `sc_auth_group_access` [ RunTime:0.0033s ]
SQL: SELECT `uid`,`group_id`,`title`,`rules` FROM sc_auth_group_access a INNER JOIN sc_auth_group g on a.group_id=g.id  WHERE ( a.uid='5' and g.status='1' )  [ RunTime:0.0002s ]
SQL: SHOW COLUMNS FROM `sc_auth_rule` [ RunTime:0.0034s ]
SQL: SELECT `condition`,`name` FROM `sc_auth_rule` WHERE `id` IN ('5','1','2','3','6','7','9','10','11') AND `type` = 1 AND `status` = 1  [ RunTime:0.0002s ]
SQL: SHOW COLUMNS FROM `sc_auth_rule` [ RunTime:0.0033s ]
SQL: SELECT * FROM `sc_auth_rule` ORDER BY sort, id asc  [ RunTime:0.0003s ]
INFO: [ view_parse ] --START--
INFO: [ template_filter ] --START--
INFO: Run Behavior\ContentReplaceBehavior [ RunTime:0.000042s ]
INFO: [ template_filter ] --END-- [ RunTime:0.000073s ]
INFO: Run Behavior\ParseTemplateBehavior [ RunTime:0.006513s ]
INFO: [ view_parse ] --END-- [ RunTime:0.006543s ]
INFO: [ view_filter ] --START--
INFO: Run Behavior\WriteHtmlCacheBehavior [ RunTime:0.000415s ]
INFO: [ view_filter ] --END-- [ RunTime:0.000438s ]
INFO: [ app_end ] --START--
INFO: Run Behavior\ShowPageTraceBehavior [ RunTime:0.000590s ]
INFO: [ app_end ] --END-- [ RunTime:0.000617s ]

[ 2016-09-09T17:25:44+08:00 ] 127.0.0.1 /index.php/Admin/Index/index.html
INFO: [ app_init ] --START--
INFO: Run Behavior\BuildLiteBehavior [ RunTime:0.000009s ]
INFO: [ app_init ] --END-- [ RunTime:0.000224s ]
INFO: [ app_begin ] --START--
INFO: Run Behavior\ReadHtmlCacheBehavior [ RunTime:0.000489s ]
INFO: [ app_begin ] --END-- [ RunTime:0.000521s ]

[ 2016-09-09T17:25:45+08:00 ] 127.0.0.1 /index.php/Admin/Index/index_layout.html?_=1473413145462
INFO: [ app_init ] --START--
INFO: Run Behavior\BuildLiteBehavior [ RunTime:0.000010s ]
INFO: [ app_init ] --END-- [ RunTime:0.000307s ]
INFO: [ app_begin ] --START--
INFO: Run Behavior\ReadHtmlCacheBehavior [ RunTime:0.000380s ]
INFO: [ app_begin ] --END-- [ RunTime:0.000419s ]
NOTIC: [2] Missing argument 1 for Admin\Controller\AdminController::checkConfigRule(), called in E:\www\sc-csm\Application\Admin\Controller\AdminController.class.php on line 32 and defined E:\www\sc-csm\Application\Admin\Controller\AdminController.class.php 第 46 行.
NOTIC: [8] Use of undefined constant WEB_PATH - assumed 'WEB_PATH' E:\www\sc-csm\Application\Admin\Controller\IndexController.class.php 第 47 行.
INFO: [ view_parse ] --START--
INFO: [ template_filter ] --START--
INFO: Run Behavior\ContentReplaceBehavior [ RunTime:0.000060s ]
INFO: [ template_filter ] --END-- [ RunTime:0.000102s ]
INFO: Run Behavior\ParseTemplateBehavior [ RunTime:0.005778s ]
INFO: [ view_parse ] --END-- [ RunTime:0.005830s ]
INFO: [ view_filter ] --START--
INFO: Run Behavior\WriteHtmlCacheBehavior [ RunTime:0.000228s ]
INFO: [ view_filter ] --END-- [ RunTime:0.000259s ]
INFO: [ app_end ] --START--
INFO: Run Behavior\ShowPageTraceBehavior [ RunTime:0.000391s ]
INFO: [ app_end ] --END-- [ RunTime:0.000425s ]

[ 2016-09-09T17:25:45+08:00 ] 127.0.0.1 /index.php/Admin/Index/images/group.png
INFO: [ app_init ] --START--
INFO: Run Behavior\BuildLiteBehavior [ RunTime:0.000009s ]
INFO: [ app_init ] --END-- [ RunTime:0.000296s ]

[ 2016-09-09T17:25:47+08:00 ] 127.0.0.1 /index.php/Admin/AuthRule/index.html?_=1473413146835
INFO: [ app_init ] --START--
INFO: Run Behavior\BuildLiteBehavior [ RunTime:0.000009s ]
INFO: [ app_init ] --END-- [ RunTime:0.000276s ]
INFO: [ app_begin ] --START--
INFO: Run Behavior\ReadHtmlCacheBehavior [ RunTime:0.000291s ]
INFO: [ app_begin ] --END-- [ RunTime:0.000322s ]
NOTIC: [2] Missing argument 1 for Admin\Controller\AdminController::checkConfigRule(), called in E:\www\sc-csm\Application\Admin\Controller\AdminController.class.php on line 32 and defined E:\www\sc-csm\Application\Admin\Controller\AdminController.class.php 第 46 行.
SQL: SHOW COLUMNS FROM `sc_auth_group_access` [ RunTime:0.0215s ]
SQL: SELECT `uid`,`group_id`,`title`,`rules` FROM sc_auth_group_access a INNER JOIN sc_auth_group g on a.group_id=g.id  WHERE ( a.uid='5' and g.status='1' )  [ RunTime:0.0002s ]
SQL: SHOW COLUMNS FROM `sc_auth_rule` [ RunTime:0.0765s ]
SQL: SELECT `condition`,`name` FROM `sc_auth_rule` WHERE `id` IN ('5','1','2','3','6','7','9','10','11') AND `type` = 1 AND `status` = 1  [ RunTime:0.0003s ]
SQL: SHOW COLUMNS FROM `sc_auth_rule` [ RunTime:0.0039s ]
SQL: SELECT * FROM `sc_auth_rule` ORDER BY sort, id asc  [ RunTime:0.0006s ]
INFO: [ view_parse ] --START--
INFO: [ template_filter ] --START--
INFO: Run Behavior\ContentReplaceBehavior [ RunTime:0.000068s ]
INFO: [ template_filter ] --END-- [ RunTime:0.000115s ]
INFO: Run Behavior\ParseTemplateBehavior [ RunTime:0.008703s ]
INFO: [ view_parse ] --END-- [ RunTime:0.008744s ]
INFO: [ view_filter ] --START--
INFO: Run Behavior\WriteHtmlCacheBehavior [ RunTime:0.000253s ]
INFO: [ view_filter ] --END-- [ RunTime:0.000287s ]
INFO: [ app_end ] --START--
INFO: Run Behavior\ShowPageTraceBehavior [ RunTime:0.000491s ]
INFO: [ app_end ] --END-- [ RunTime:0.000545s ]

[ 2016-09-09T17:27:04+08:00 ] 127.0.0.1 /index.php/Admin/Index/index.html
INFO: [ app_init ] --START--
INFO: Run Behavior\BuildLiteBehavior [ RunTime:0.000009s ]
INFO: [ app_init ] --END-- [ RunTime:0.000247s ]
INFO: [ app_begin ] --START--
INFO: Run Behavior\ReadHtmlCacheBehavior [ RunTime:0.000295s ]
INFO: [ app_begin ] --END-- [ RunTime:0.000328s ]

[ 2016-09-09T17:27:05+08:00 ] 127.0.0.1 /index.php/Admin/Index/index_layout.html?_=1473413225142
INFO: [ app_init ] --START--
INFO: Run Behavior\BuildLiteBehavior [ RunTime:0.000011s ]
INFO: [ app_init ] --END-- [ RunTime:0.000359s ]
INFO: [ app_begin ] --START--
INFO: Run Behavior\ReadHtmlCacheBehavior [ RunTime:0.000364s ]
INFO: [ app_begin ] --END-- [ RunTime:0.000401s ]
NOTIC: [2] Missing argument 1 for Admin\Controller\AdminController::checkConfigRule(), called in E:\www\sc-csm\Application\Admin\Controller\AdminController.class.php on line 32 and defined E:\www\sc-csm\Application\Admin\Controller\AdminController.class.php 第 46 行.
NOTIC: [8] Use of undefined constant WEB_PATH - assumed 'WEB_PATH' E:\www\sc-csm\Application\Admin\Controller\IndexController.class.php 第 47 行.
INFO: [ view_parse ] --START--
INFO: [ template_filter ] --START--
INFO: Run Behavior\ContentReplaceBehavior [ RunTime:0.000087s ]
INFO: [ template_filter ] --END-- [ RunTime:0.000150s ]
INFO: Run Behavior\ParseTemplateBehavior [ RunTime:0.007878s ]
INFO: [ view_parse ] --END-- [ RunTime:0.007939s ]
INFO: [ view_filter ] --START--
INFO: Run Behavior\WriteHtmlCacheBehavior [ RunTime:0.000313s ]
INFO: [ view_filter ] --END-- [ RunTime:0.000357s ]
INFO: [ app_end ] --START--
INFO: Run Behavior\ShowPageTraceBehavior [ RunTime:0.000395s ]
INFO: [ app_end ] --END-- [ RunTime:0.000436s ]

[ 2016-09-09T17:27:05+08:00 ] 127.0.0.1 /index.php/Admin/Index/images/group.png
INFO: [ app_init ] --START--
INFO: Run Behavior\BuildLiteBehavior [ RunTime:0.000011s ]
INFO: [ app_init ] --END-- [ RunTime:0.000305s ]

[ 2016-09-09T17:27:07+08:00 ] 127.0.0.1 /index.php/Admin/AuthRule/index.html?_=1473413226995
INFO: [ app_init ] --START--
INFO: Run Behavior\BuildLiteBehavior [ RunTime:0.000009s ]
INFO: [ app_init ] --END-- [ RunTime:0.000235s ]
INFO: [ app_begin ] --START--
INFO: Run Behavior\ReadHtmlCacheBehavior [ RunTime:0.000366s ]
INFO: [ app_begin ] --END-- [ RunTime:0.000397s ]
NOTIC: [2] Missing argument 1 for Admin\Controller\AdminController::checkConfigRule(), called in E:\www\sc-csm\Application\Admin\Controller\AdminController.class.php on line 32 and defined E:\www\sc-csm\Application\Admin\Controller\AdminController.class.php 第 46 行.
SQL: SHOW COLUMNS FROM `sc_auth_group_access` [ RunTime:0.0032s ]
SQL: SELECT `uid`,`group_id`,`title`,`rules` FROM sc_auth_group_access a INNER JOIN sc_auth_group g on a.group_id=g.id  WHERE ( a.uid='5' and g.status='1' )  [ RunTime:0.0003s ]
SQL: SHOW COLUMNS FROM `sc_auth_rule` [ RunTime:0.0034s ]
SQL: SELECT `condition`,`name` FROM `sc_auth_rule` WHERE `id` IN ('5','1','2','3','6','7','9','10','11') AND `type` = 1 AND `status` = 1  [ RunTime:0.0002s ]
SQL: SHOW COLUMNS FROM `sc_auth_rule` [ RunTime:0.0038s ]
SQL: SELECT * FROM `sc_auth_rule` ORDER BY sort, id asc  [ RunTime:0.0004s ]
INFO: [ view_parse ] --START--
INFO: [ template_filter ] --START--
INFO: Run Behavior\ContentReplaceBehavior [ RunTime:0.000039s ]
INFO: [ template_filter ] --END-- [ RunTime:0.000068s ]
INFO: Run Behavior\ParseTemplateBehavior [ RunTime:0.005672s ]
INFO: [ view_parse ] --END-- [ RunTime:0.005705s ]
INFO: [ view_filter ] --START--
INFO: Run Behavior\WriteHtmlCacheBehavior [ RunTime:0.000174s ]
INFO: [ view_filter ] --END-- [ RunTime:0.000195s ]
INFO: [ app_end ] --START--
INFO: Run Behavior\ShowPageTraceBehavior [ RunTime:0.000308s ]
INFO: [ app_end ] --END-- [ RunTime:0.000333s ]

[ 2016-09-09T17:27:08+08:00 ] 127.0.0.1 /index.php/Admin/AuthRule/add.html?_=1473413228305
INFO: [ app_init ] --START--
INFO: Run Behavior\BuildLiteBehavior [ RunTime:0.000010s ]
INFO: [ app_init ] --END-- [ RunTime:0.000260s ]
INFO: [ app_begin ] --START--
INFO: Run Behavior\ReadHtmlCacheBehavior [ RunTime:0.000327s ]
INFO: [ app_begin ] --END-- [ RunTime:0.000360s ]
NOTIC: [2] Missing argument 1 for Admin\Controller\AdminController::checkConfigRule(), called in E:\www\sc-csm\Application\Admin\Controller\AdminController.class.php on line 32 and defined E:\www\sc-csm\Application\Admin\Controller\AdminController.class.php 第 46 行.
SQL: SHOW COLUMNS FROM `sc_auth_group_access` [ RunTime:0.0042s ]
SQL: SELECT `uid`,`group_id`,`title`,`rules` FROM sc_auth_group_access a INNER JOIN sc_auth_group g on a.group_id=g.id  WHERE ( a.uid='5' and g.status='1' )  [ RunTime:0.0003s ]
SQL: SHOW COLUMNS FROM `sc_auth_rule` [ RunTime:0.0033s ]
SQL: SELECT `condition`,`name` FROM `sc_auth_rule` WHERE `id` IN ('5','1','2','3','6','7','9','10','11') AND `type` = 1 AND `status` = 1  [ RunTime:0.0002s ]

[ 2016-09-09T17:27:19+08:00 ] 127.0.0.1 /index.php/Admin/Index/index.html
INFO: [ app_init ] --START--
INFO: Run Behavior\BuildLiteBehavior [ RunTime:0.000019s ]
INFO: [ app_init ] --END-- [ RunTime:0.000433s ]
INFO: [ app_begin ] --START--
INFO: Run Behavior\ReadHtmlCacheBehavior [ RunTime:0.000319s ]
INFO: [ app_begin ] --END-- [ RunTime:0.000353s ]

[ 2016-09-09T17:27:20+08:00 ] 127.0.0.1 /index.php/Admin/Index/index_layout.html?_=1473413240630
INFO: [ app_init ] --START--
INFO: Run Behavior\BuildLiteBehavior [ RunTime:0.000009s ]
INFO: [ app_init ] --END-- [ RunTime:0.000236s ]
INFO: [ app_begin ] --START--
INFO: Run Behavior\ReadHtmlCacheBehavior [ RunTime:0.000312s ]
INFO: [ app_begin ] --END-- [ RunTime:0.000341s ]
NOTIC: [2] Missing argument 1 for Admin\Controller\AdminController::checkConfigRule(), called in E:\www\sc-csm\Application\Admin\Controller\AdminController.class.php on line 32 and defined E:\www\sc-csm\Application\Admin\Controller\AdminController.class.php 第 46 行.
NOTIC: [8] Use of undefined constant WEB_PATH - assumed 'WEB_PATH' E:\www\sc-csm\Application\Admin\Controller\IndexController.class.php 第 47 行.
INFO: [ view_parse ] --START--
INFO: [ template_filter ] --START--
INFO: Run Behavior\ContentReplaceBehavior [ RunTime:0.000058s ]
INFO: [ template_filter ] --END-- [ RunTime:0.000091s ]
INFO: Run Behavior\ParseTemplateBehavior [ RunTime:0.004798s ]
INFO: [ view_parse ] --END-- [ RunTime:0.004871s ]
INFO: [ view_filter ] --START--
INFO: Run Behavior\WriteHtmlCacheBehavior [ RunTime:0.000180s ]
INFO: [ view_filter ] --END-- [ RunTime:0.000201s ]
INFO: [ app_end ] --START--
INFO: Run Behavior\ShowPageTraceBehavior [ RunTime:0.000419s ]
INFO: [ app_end ] --END-- [ RunTime:0.000455s ]

[ 2016-09-09T17:27:20+08:00 ] 127.0.0.1 /index.php/Admin/Index/images/group.png
INFO: [ app_init ] --START--
INFO: Run Behavior\BuildLiteBehavior [ RunTime:0.000012s ]
INFO: [ app_init ] --END-- [ RunTime:0.000343s ]

[ 2016-09-09T17:27:21+08:00 ] 127.0.0.1 /index.php/Admin/AuthRule/index.html?_=1473413241547
INFO: [ app_init ] --START--
INFO: Run Behavior\BuildLiteBehavior [ RunTime:0.000011s ]
INFO: [ app_init ] --END-- [ RunTime:0.000301s ]
INFO: [ app_begin ] --START--
INFO: Run Behavior\ReadHtmlCacheBehavior [ RunTime:0.000317s ]
INFO: [ app_begin ] --END-- [ RunTime:0.000349s ]
NOTIC: [2] Missing argument 1 for Admin\Controller\AdminController::checkConfigRule(), called in E:\www\sc-csm\Application\Admin\Controller\AdminController.class.php on line 32 and defined E:\www\sc-csm\Application\Admin\Controller\AdminController.class.php 第 46 行.
SQL: SHOW COLUMNS FROM `sc_auth_group_access` [ RunTime:0.0039s ]
SQL: SELECT `uid`,`group_id`,`title`,`rules` FROM sc_auth_group_access a INNER JOIN sc_auth_group g on a.group_id=g.id  WHERE ( a.uid='5' and g.status='1' )  [ RunTime:0.0003s ]
SQL: SHOW COLUMNS FROM `sc_auth_rule` [ RunTime:0.0035s ]
SQL: SELECT `condition`,`name` FROM `sc_auth_rule` WHERE `id` IN ('5','1','2','3','6','7','9','10','11') AND `type` = 1 AND `status` = 1  [ RunTime:0.0003s ]
SQL: SHOW COLUMNS FROM `sc_auth_rule` [ RunTime:0.0037s ]
SQL: SELECT * FROM `sc_auth_rule` ORDER BY sort, id asc  [ RunTime:0.0003s ]
INFO: [ view_parse ] --START--
INFO: [ template_filter ] --START--
INFO: Run Behavior\ContentReplaceBehavior [ RunTime:0.000136s ]
INFO: [ template_filter ] --END-- [ RunTime:0.000172s ]
INFO: Run Behavior\ParseTemplateBehavior [ RunTime:0.005984s ]
INFO: [ view_parse ] --END-- [ RunTime:0.006018s ]
INFO: [ view_filter ] --START--
INFO: Run Behavior\WriteHtmlCacheBehavior [ RunTime:0.000196s ]
INFO: [ view_filter ] --END-- [ RunTime:0.000218s ]
INFO: [ app_end ] --START--
INFO: Run Behavior\ShowPageTraceBehavior [ RunTime:0.000317s ]
INFO: [ app_end ] --END-- [ RunTime:0.000344s ]

[ 2016-09-09T17:27:59+08:00 ] 127.0.0.1 /index.php/Admin/Index/index.html
INFO: [ app_init ] --START--
INFO: Run Behavior\BuildLiteBehavior [ RunTime:0.000009s ]
INFO: [ app_init ] --END-- [ RunTime:0.000290s ]
INFO: [ app_begin ] --START--
INFO: Run Behavior\ReadHtmlCacheBehavior [ RunTime:0.000554s ]
INFO: [ app_begin ] --END-- [ RunTime:0.000594s ]

[ 2016-09-09T17:28:00+08:00 ] 127.0.0.1 /index.php/Admin/Index/index_layout.html?_=1473413280244
INFO: [ app_init ] --START--
INFO: Run Behavior\BuildLiteBehavior [ RunTime:0.000013s ]
INFO: [ app_init ] --END-- [ RunTime:0.000357s ]
INFO: [ app_begin ] --START--
INFO: Run Behavior\ReadHtmlCacheBehavior [ RunTime:0.000436s ]
INFO: [ app_begin ] --END-- [ RunTime:0.000481s ]
NOTIC: [2] Missing argument 1 for Admin\Controller\AdminController::checkConfigRule(), called in E:\www\sc-csm\Application\Admin\Controller\AdminController.class.php on line 32 and defined E:\www\sc-csm\Application\Admin\Controller\AdminController.class.php 第 46 行.
NOTIC: [8] Use of undefined constant WEB_PATH - assumed 'WEB_PATH' E:\www\sc-csm\Application\Admin\Controller\IndexController.class.php 第 47 行.
INFO: [ view_parse ] --START--
INFO: [ template_filter ] --START--
INFO: Run Behavior\ContentReplaceBehavior [ RunTime:0.000109s ]
INFO: [ template_filter ] --END-- [ RunTime:0.000191s ]
INFO: Run Behavior\ParseTemplateBehavior [ RunTime:0.008743s ]
INFO: [ view_parse ] --END-- [ RunTime:0.008816s ]
INFO: [ view_filter ] --START--
INFO: Run Behavior\WriteHtmlCacheBehavior [ RunTime:0.000534s ]
INFO: [ view_filter ] --END-- [ RunTime:0.000587s ]
INFO: [ app_end ] --START--
INFO: Run Behavior\ShowPageTraceBehavior [ RunTime:0.000773s ]
INFO: [ app_end ] --END-- [ RunTime:0.000827s ]

[ 2016-09-09T17:28:00+08:00 ] 127.0.0.1 /index.php/Admin/Index/images/group.png
INFO: [ app_init ] --START--
INFO: Run Behavior\BuildLiteBehavior [ RunTime:0.000010s ]
INFO: [ app_init ] --END-- [ RunTime:0.000253s ]

[ 2016-09-09T17:28:01+08:00 ] 127.0.0.1 /index.php/Admin/AuthRule/index.html?_=1473413281114
INFO: [ app_init ] --START--
INFO: Run Behavior\BuildLiteBehavior [ RunTime:0.000009s ]
INFO: [ app_init ] --END-- [ RunTime:0.000271s ]
INFO: [ app_begin ] --START--
INFO: Run Behavior\ReadHtmlCacheBehavior [ RunTime:0.000303s ]
INFO: [ app_begin ] --END-- [ RunTime:0.000336s ]
NOTIC: [2] Missing argument 1 for Admin\Controller\AdminController::checkConfigRule(), called in E:\www\sc-csm\Application\Admin\Controller\AdminController.class.php on line 32 and defined E:\www\sc-csm\Application\Admin\Controller\AdminController.class.php 第 46 行.
SQL: SHOW COLUMNS FROM `sc_auth_group_access` [ RunTime:0.2283s ]
SQL: SELECT `uid`,`group_id`,`title`,`rules` FROM sc_auth_group_access a INNER JOIN sc_auth_group g on a.group_id=g.id  WHERE ( a.uid='5' and g.status='1' )  [ RunTime:0.0003s ]
SQL: SHOW COLUMNS FROM `sc_auth_rule` [ RunTime:0.1675s ]
SQL: SELECT `condition`,`name` FROM `sc_auth_rule` WHERE `id` IN ('5','1','2','3','6','7','9','10','11') AND `type` = 1 AND `status` = 1  [ RunTime:0.0004s ]
SQL: SHOW COLUMNS FROM `sc_auth_rule` [ RunTime:0.0074s ]
SQL: SELECT * FROM `sc_auth_rule` ORDER BY sort, id asc  [ RunTime:0.0006s ]
INFO: [ view_parse ] --START--
INFO: [ template_filter ] --START--
INFO: Run Behavior\ContentReplaceBehavior [ RunTime:0.000081s ]
INFO: [ template_filter ] --END-- [ RunTime:0.000142s ]
INFO: Run Behavior\ParseTemplateBehavior [ RunTime:0.012178s ]
INFO: [ view_parse ] --END-- [ RunTime:0.012246s ]
INFO: [ view_filter ] --START--
INFO: Run Behavior\WriteHtmlCacheBehavior [ RunTime:0.000536s ]
INFO: [ view_filter ] --END-- [ RunTime:0.000585s ]
INFO: [ app_end ] --START--
INFO: Run Behavior\ShowPageTraceBehavior [ RunTime:0.001043s ]
INFO: [ app_end ] --END-- [ RunTime:0.001108s ]

[ 2016-09-09T17:28:03+08:00 ] 127.0.0.1 /index.php/Admin/AuthRule/add.html?_=1473413283208
INFO: [ app_init ] --START--
INFO: Run Behavior\BuildLiteBehavior [ RunTime:0.000012s ]
INFO: [ app_init ] --END-- [ RunTime:0.000308s ]
INFO: [ app_begin ] --START--
INFO: Run Behavior\ReadHtmlCacheBehavior [ RunTime:0.000372s ]
INFO: [ app_begin ] --END-- [ RunTime:0.000413s ]
NOTIC: [2] Missing argument 1 for Admin\Controller\AdminController::checkConfigRule(), called in E:\www\sc-csm\Application\Admin\Controller\AdminController.class.php on line 32 and defined E:\www\sc-csm\Application\Admin\Controller\AdminController.class.php 第 46 行.
SQL: SHOW COLUMNS FROM `sc_auth_group_access` [ RunTime:0.0044s ]
SQL: SELECT `uid`,`group_id`,`title`,`rules` FROM sc_auth_group_access a INNER JOIN sc_auth_group g on a.group_id=g.id  WHERE ( a.uid='5' and g.status='1' )  [ RunTime:0.0003s ]
SQL: SHOW COLUMNS FROM `sc_auth_rule` [ RunTime:0.0038s ]
SQL: SELECT `condition`,`name` FROM `sc_auth_rule` WHERE `id` IN ('5','1','2','3','6','7','9','10','11') AND `type` = 1 AND `status` = 1  [ RunTime:0.0003s ]

[ 2016-09-09T17:28:05+08:00 ] 127.0.0.1 /index.php/Admin/AuthRule/add.html?_=1473413285457
INFO: [ app_init ] --START--
INFO: Run Behavior\BuildLiteBehavior [ RunTime:0.000009s ]
INFO: [ app_init ] --END-- [ RunTime:0.000239s ]
INFO: [ app_begin ] --START--
INFO: Run Behavior\ReadHtmlCacheBehavior [ RunTime:0.000292s ]
INFO: [ app_begin ] --END-- [ RunTime:0.000322s ]
NOTIC: [2] Missing argument 1 for Admin\Controller\AdminController::checkConfigRule(), called in E:\www\sc-csm\Application\Admin\Controller\AdminController.class.php on line 32 and defined E:\www\sc-csm\Application\Admin\Controller\AdminController.class.php 第 46 行.
SQL: SHOW COLUMNS FROM `sc_auth_group_access` [ RunTime:0.0039s ]
SQL: SELECT `uid`,`group_id`,`title`,`rules` FROM sc_auth_group_access a INNER JOIN sc_auth_group g on a.group_id=g.id  WHERE ( a.uid='5' and g.status='1' )  [ RunTime:0.0003s ]
SQL: SHOW COLUMNS FROM `sc_auth_rule` [ RunTime:0.0054s ]
SQL: SELECT `condition`,`name` FROM `sc_auth_rule` WHERE `id` IN ('5','1','2','3','6','7','9','10','11') AND `type` = 1 AND `status` = 1  [ RunTime:0.0003s ]

[ 2016-09-09T17:32:49+08:00 ] 127.0.0.1 /index.php/Admin/AuthRule/add.html?_=1473413569787
INFO: [ app_init ] --START--
INFO: Run Behavior\BuildLiteBehavior [ RunTime:0.000010s ]
INFO: [ app_init ] --END-- [ RunTime:0.000314s ]
INFO: [ app_begin ] --START--
INFO: Run Behavior\ReadHtmlCacheBehavior [ RunTime:0.000495s ]
INFO: [ app_begin ] --END-- [ RunTime:0.000528s ]
NOTIC: [2] Missing argument 1 for Admin\Controller\AdminController::checkConfigRule(), called in E:\www\sc-csm\Application\Admin\Controller\AdminController.class.php on line 32 and defined E:\www\sc-csm\Application\Admin\Controller\AdminController.class.php 第 46 行.
SQL: SHOW COLUMNS FROM `sc_auth_group_access` [ RunTime:0.0036s ]
SQL: SELECT `uid`,`group_id`,`title`,`rules` FROM sc_auth_group_access a INNER JOIN sc_auth_group g on a.group_id=g.id  WHERE ( a.uid='5' and g.status='1' )  [ RunTime:0.0003s ]
SQL: SHOW COLUMNS FROM `sc_auth_rule` [ RunTime:0.0039s ]
SQL: SELECT `condition`,`name` FROM `sc_auth_rule` WHERE `id` IN ('5','1','2','3','6','7','9','10','11') AND `type` = 1 AND `status` = 1  [ RunTime:0.0003s ]

[ 2016-09-09T17:33:01+08:00 ] 127.0.0.1 /index.php/Admin/AuthRule/add.html?_=1473413581120
INFO: [ app_init ] --START--
INFO: Run Behavior\BuildLiteBehavior [ RunTime:0.000010s ]
INFO: [ app_init ] --END-- [ RunTime:0.000265s ]
INFO: [ app_begin ] --START--
INFO: Run Behavior\ReadHtmlCacheBehavior [ RunTime:0.000379s ]
INFO: [ app_begin ] --END-- [ RunTime:0.000412s ]
NOTIC: [2] Missing argument 1 for Admin\Controller\AdminController::checkConfigRule(), called in E:\www\sc-csm\Application\Admin\Controller\AdminController.class.php on line 32 and defined E:\www\sc-csm\Application\Admin\Controller\AdminController.class.php 第 46 行.
SQL: SHOW COLUMNS FROM `sc_auth_group_access` [ RunTime:0.0041s ]
SQL: SELECT `uid`,`group_id`,`title`,`rules` FROM sc_auth_group_access a INNER JOIN sc_auth_group g on a.group_id=g.id  WHERE ( a.uid='5' and g.status='1' )  [ RunTime:0.0003s ]
SQL: SHOW COLUMNS FROM `sc_auth_rule` [ RunTime:0.0040s ]
SQL: SELECT `condition`,`name` FROM `sc_auth_rule` WHERE `id` IN ('5','1','2','3','6','7','9','10','11') AND `type` = 1 AND `status` = 1  [ RunTime:0.0002s ]

