[ 2016-09-23T17:52:19+08:00 ] 127.0.0.1 /index.php/Admin/Index/delcache.html
INFO: [ app_init ] --START--
INFO: Run Behavior\BuildLiteBehavior [ RunTime:0.000009s ]
INFO: [ app_init ] --END-- [ RunTime:0.000253s ]
INFO: [ app_begin ] --START--
INFO: Run Behavior\ReadHtmlCacheBehavior [ RunTime:0.000321s ]
INFO: [ app_begin ] --END-- [ RunTime:0.000352s ]

[ 2016-09-23T17:52:21+08:00 ] 127.0.0.1 /index.php/Admin/Index/index.html
INFO: [ app_init ] --START--
INFO: Run Behavior\BuildLiteBehavior [ RunTime:0.000014s ]
INFO: [ app_init ] --END-- [ RunTime:0.000487s ]
INFO: [ app_begin ] --START--
INFO: Run Behavior\ReadHtmlCacheBehavior [ RunTime:0.000737s ]
INFO: [ app_begin ] --END-- [ RunTime:0.000797s ]
SQL: SHOW COLUMNS FROM `sc_config` [ RunTime:0.0048s ]
SQL: SELECT `name`,`value`,`type` FROM `sc_config` WHERE ( status = 1 )  [ RunTime:0.0002s ]

[ 2016-09-23T17:52:21+08:00 ] 127.0.0.1 /index.php/Admin/Index/index_layout.html?_=1474624341673
INFO: [ app_init ] --START--
INFO: Run Behavior\BuildLiteBehavior [ RunTime:0.000011s ]
INFO: [ app_init ] --END-- [ RunTime:0.000271s ]
INFO: [ app_begin ] --START--
INFO: Run Behavior\ReadHtmlCacheBehavior [ RunTime:0.000311s ]
INFO: [ app_begin ] --END-- [ RunTime:0.000345s ]
NOTIC: [8] Use of undefined constant WEB_PATH - assumed 'WEB_PATH' E:\www\sc-csm\Application\Admin\Controller\IndexController.class.php 第 66 行.
INFO: [ view_parse ] --START--
INFO: [ template_filter ] --START--
INFO: Run Behavior\ContentReplaceBehavior [ RunTime:0.000045s ]
INFO: [ template_filter ] --END-- [ RunTime:0.000074s ]
INFO: Run Behavior\ParseTemplateBehavior [ RunTime:0.004813s ]
INFO: [ view_parse ] --END-- [ RunTime:0.004844s ]
INFO: [ view_filter ] --START--
INFO: Run Behavior\WriteHtmlCacheBehavior [ RunTime:0.000180s ]
INFO: [ view_filter ] --END-- [ RunTime:0.000201s ]
INFO: [ app_end ] --START--
INFO: Run Behavior\ShowPageTraceBehavior [ RunTime:0.000319s ]
INFO: [ app_end ] --END-- [ RunTime:0.000355s ]

[ 2016-09-23T17:52:21+08:00 ] 127.0.0.1 /index.php/Admin/Index/images/group.png
INFO: [ app_init ] --START--
INFO: Run Behavior\BuildLiteBehavior [ RunTime:0.000009s ]
INFO: [ app_init ] --END-- [ RunTime:0.000296s ]

[ 2016-09-23T17:52:25+08:00 ] 127.0.0.1 /index.php/Admin/Database/index.html?_=1474624345425
INFO: [ app_init ] --START--
INFO: Run Behavior\BuildLiteBehavior [ RunTime:0.000009s ]
INFO: [ app_init ] --END-- [ RunTime:0.000260s ]
INFO: [ app_begin ] --START--
INFO: Run Behavior\ReadHtmlCacheBehavior [ RunTime:0.000320s ]
INFO: [ app_begin ] --END-- [ RunTime:0.000352s ]
SQL: SHOW TABLE STATUS [ RunTime:0.0007s ]
INFO: [ view_parse ] --START--
INFO: [ template_filter ] --START--
INFO: Run Behavior\ContentReplaceBehavior [ RunTime:0.000038s ]
INFO: [ template_filter ] --END-- [ RunTime:0.000066s ]
NOTIC: [8] Undefined index: id E:\www\sc-csm\Application\Runtime\Cache\Admin\ccc7b197a1af74c5328156e7d3a8fe0b.php 第 26 行.
NOTIC: [8] Undefined index: id E:\www\sc-csm\Application\Runtime\Cache\Admin\ccc7b197a1af74c5328156e7d3a8fe0b.php 第 26 行.
NOTIC: [8] Undefined index: id E:\www\sc-csm\Application\Runtime\Cache\Admin\ccc7b197a1af74c5328156e7d3a8fe0b.php 第 26 行.
NOTIC: [8] Undefined index: id E:\www\sc-csm\Application\Runtime\Cache\Admin\ccc7b197a1af74c5328156e7d3a8fe0b.php 第 26 行.
NOTIC: [8] Undefined index: id E:\www\sc-csm\Application\Runtime\Cache\Admin\ccc7b197a1af74c5328156e7d3a8fe0b.php 第 26 行.
NOTIC: [8] Undefined index: id E:\www\sc-csm\Application\Runtime\Cache\Admin\ccc7b197a1af74c5328156e7d3a8fe0b.php 第 26 行.
NOTIC: [8] Undefined index: id E:\www\sc-csm\Application\Runtime\Cache\Admin\ccc7b197a1af74c5328156e7d3a8fe0b.php 第 26 行.
INFO: Run Behavior\ParseTemplateBehavior [ RunTime:0.005084s ]
INFO: [ view_parse ] --END-- [ RunTime:0.005112s ]
INFO: [ view_filter ] --START--
INFO: Run Behavior\WriteHtmlCacheBehavior [ RunTime:0.000190s ]
INFO: [ view_filter ] --END-- [ RunTime:0.000214s ]
INFO: [ app_end ] --START--
INFO: Run Behavior\ShowPageTraceBehavior [ RunTime:0.000314s ]
INFO: [ app_end ] --END-- [ RunTime:0.000339s ]

[ 2016-09-23T17:52:26+08:00 ] 127.0.0.1 /index.php/Admin/Database/export.html
INFO: [ app_init ] --START--
INFO: Run Behavior\BuildLiteBehavior [ RunTime:0.000009s ]
INFO: [ app_init ] --END-- [ RunTime:0.000282s ]
INFO: [ app_begin ] --START--
INFO: Run Behavior\ReadHtmlCacheBehavior [ RunTime:0.000303s ]
INFO: [ app_begin ] --END-- [ RunTime:0.000336s ]
SQL: SHOW CREATE TABLE `sc_action` [ RunTime:0.0001s ]
NOTIC: [2] filesize(): stat failed for E:\www\sc-csm\Data\20160923-175226_1.sql E:\www\sc-csm\Application\Common\Lib\Database.class.php 第 73 行.
SQL: SELECT COUNT(*) AS count FROM `sc_action` [ RunTime:0.0002s ]
NOTIC: [2] filesize(): stat failed for E:\www\sc-csm\Data\20160923-175226_2.sql E:\www\sc-csm\Application\Common\Lib\Database.class.php 第 73 行.
SQL: SELECT * FROM `sc_action` [ RunTime:0.0001s ]
NOTIC: [2] filesize(): stat failed for E:\www\sc-csm\Data\20160923-175226_2.sql E:\www\sc-csm\Application\Common\Lib\Database.class.php 第 73 行.
NOTIC: [2] filesize(): stat failed for E:\www\sc-csm\Data\20160923-175226_2.sql E:\www\sc-csm\Application\Common\Lib\Database.class.php 第 73 行.
SQL: SHOW CREATE TABLE `sc_action_log` [ RunTime:0.0001s ]
NOTIC: [2] filesize(): stat failed for E:\www\sc-csm\Data\20160923-175226_2.sql E:\www\sc-csm\Application\Common\Lib\Database.class.php 第 73 行.
SQL: SELECT COUNT(*) AS count FROM `sc_action_log` [ RunTime:0.0001s ]
NOTIC: [2] filesize(): stat failed for E:\www\sc-csm\Data\20160923-175226_2.sql E:\www\sc-csm\Application\Common\Lib\Database.class.php 第 73 行.
SQL: SELECT * FROM `sc_action_log` [ RunTime:0.0001s ]
NOTIC: [2] filesize(): stat failed for E:\www\sc-csm\Data\20160923-175226_2.sql E:\www\sc-csm\Application\Common\Lib\Database.class.php 第 73 行.
NOTIC: [2] filesize(): stat failed for E:\www\sc-csm\Data\20160923-175226_2.sql E:\www\sc-csm\Application\Common\Lib\Database.class.php 第 73 行.
NOTIC: [2] filesize(): stat failed for E:\www\sc-csm\Data\20160923-175226_2.sql E:\www\sc-csm\Application\Common\Lib\Database.class.php 第 73 行.
NOTIC: [2] filesize(): stat failed for E:\www\sc-csm\Data\20160923-175226_2.sql E:\www\sc-csm\Application\Common\Lib\Database.class.php 第 73 行.
NOTIC: [2] filesize(): stat failed for E:\www\sc-csm\Data\20160923-175226_2.sql E:\www\sc-csm\Application\Common\Lib\Database.class.php 第 73 行.
NOTIC: [2] filesize(): stat failed for E:\www\sc-csm\Data\20160923-175226_2.sql E:\www\sc-csm\Application\Common\Lib\Database.class.php 第 73 行.
NOTIC: [2] filesize(): stat failed for E:\www\sc-csm\Data\20160923-175226_2.sql E:\www\sc-csm\Application\Common\Lib\Database.class.php 第 73 行.
SQL: SHOW CREATE TABLE `sc_auth_group` [ RunTime:0.0001s ]
NOTIC: [2] filesize(): stat failed for E:\www\sc-csm\Data\20160923-175226_2.sql E:\www\sc-csm\Application\Common\Lib\Database.class.php 第 73 行.
SQL: SELECT COUNT(*) AS count FROM `sc_auth_group` [ RunTime:0.0001s ]
NOTIC: [2] filesize(): stat failed for E:\www\sc-csm\Data\20160923-175226_2.sql E:\www\sc-csm\Application\Common\Lib\Database.class.php 第 73 行.
SQL: SELECT * FROM `sc_auth_group` [ RunTime:0.0001s ]
NOTIC: [2] filesize(): stat failed for E:\www\sc-csm\Data\20160923-175226_2.sql E:\www\sc-csm\Application\Common\Lib\Database.class.php 第 73 行.
NOTIC: [2] filesize(): stat failed for E:\www\sc-csm\Data\20160923-175226_2.sql E:\www\sc-csm\Application\Common\Lib\Database.class.php 第 73 行.
SQL: SHOW CREATE TABLE `sc_auth_group_access` [ RunTime:0.0001s ]
NOTIC: [2] filesize(): stat failed for E:\www\sc-csm\Data\20160923-175226_2.sql E:\www\sc-csm\Application\Common\Lib\Database.class.php 第 73 行.
SQL: SELECT COUNT(*) AS count FROM `sc_auth_group_access` [ RunTime:0.0001s ]
NOTIC: [2] filesize(): stat failed for E:\www\sc-csm\Data\20160923-175226_2.sql E:\www\sc-csm\Application\Common\Lib\Database.class.php 第 73 行.
SQL: SELECT * FROM `sc_auth_group_access` [ RunTime:0.0001s ]
NOTIC: [2] filesize(): stat failed for E:\www\sc-csm\Data\20160923-175226_2.sql E:\www\sc-csm\Application\Common\Lib\Database.class.php 第 73 行.
NOTIC: [2] filesize(): stat failed for E:\www\sc-csm\Data\20160923-175226_2.sql E:\www\sc-csm\Application\Common\Lib\Database.class.php 第 73 行.
NOTIC: [2] filesize(): stat failed for E:\www\sc-csm\Data\20160923-175226_2.sql E:\www\sc-csm\Application\Common\Lib\Database.class.php 第 73 行.
NOTIC: [2] filesize(): stat failed for E:\www\sc-csm\Data\20160923-175226_2.sql E:\www\sc-csm\Application\Common\Lib\Database.class.php 第 73 行.
NOTIC: [2] filesize(): stat failed for E:\www\sc-csm\Data\20160923-175226_2.sql E:\www\sc-csm\Application\Common\Lib\Database.class.php 第 73 行.
SQL: SHOW CREATE TABLE `sc_auth_rule` [ RunTime:0.0001s ]
NOTIC: [2] filesize(): stat failed for E:\www\sc-csm\Data\20160923-175226_2.sql E:\www\sc-csm\Application\Common\Lib\Database.class.php 第 73 行.
SQL: SELECT COUNT(*) AS count FROM `sc_auth_rule` [ RunTime:0.0001s ]
NOTIC: [2] filesize(): stat failed for E:\www\sc-csm\Data\20160923-175226_2.sql E:\www\sc-csm\Application\Common\Lib\Database.class.php 第 73 行.
SQL: SELECT * FROM `sc_auth_rule` [ RunTime:0.0002s ]
NOTIC: [2] filesize(): stat failed for E:\www\sc-csm\Data\20160923-175226_2.sql E:\www\sc-csm\Application\Common\Lib\Database.class.php 第 73 行.
NOTIC: [2] filesize(): stat failed for E:\www\sc-csm\Data\20160923-175226_2.sql E:\www\sc-csm\Application\Common\Lib\Database.class.php 第 73 行.
NOTIC: [2] filesize(): stat failed for E:\www\sc-csm\Data\20160923-175226_2.sql E:\www\sc-csm\Application\Common\Lib\Database.class.php 第 73 行.
NOTIC: [2] filesize(): stat failed for E:\www\sc-csm\Data\20160923-175226_2.sql E:\www\sc-csm\Application\Common\Lib\Database.class.php 第 73 行.
NOTIC: [2] filesize(): stat failed for E:\www\sc-csm\Data\20160923-175226_2.sql E:\www\sc-csm\Application\Common\Lib\Database.class.php 第 73 行.
NOTIC: [2] filesize(): stat failed for E:\www\sc-csm\Data\20160923-175226_2.sql E:\www\sc-csm\Application\Common\Lib\Database.class.php 第 73 行.
NOTIC: [2] filesize(): stat failed for E:\www\sc-csm\Data\20160923-175226_2.sql E:\www\sc-csm\Application\Common\Lib\Database.class.php 第 73 行.
NOTIC: [2] filesize(): stat failed for E:\www\sc-csm\Data\20160923-175226_2.sql E:\www\sc-csm\Application\Common\Lib\Database.class.php 第 73 行.
NOTIC: [2] filesize(): stat failed for E:\www\sc-csm\Data\20160923-175226_2.sql E:\www\sc-csm\Application\Common\Lib\Database.class.php 第 73 行.
NOTIC: [2] filesize(): stat failed for E:\www\sc-csm\Data\20160923-175226_2.sql E:\www\sc-csm\Application\Common\Lib\Database.class.php 第 73 行.
NOTIC: [2] filesize(): stat failed for E:\www\sc-csm\Data\20160923-175226_2.sql E:\www\sc-csm\Application\Common\Lib\Database.class.php 第 73 行.
NOTIC: [2] filesize(): stat failed for E:\www\sc-csm\Data\20160923-175226_2.sql E:\www\sc-csm\Application\Common\Lib\Database.class.php 第 73 行.
NOTIC: [2] filesize(): stat failed for E:\www\sc-csm\Data\20160923-175226_2.sql E:\www\sc-csm\Application\Common\Lib\Database.class.php 第 73 行.
NOTIC: [2] filesize(): stat failed for E:\www\sc-csm\Data\20160923-175226_2.sql E:\www\sc-csm\Application\Common\Lib\Database.class.php 第 73 行.
NOTIC: [2] filesize(): stat failed for E:\www\sc-csm\Data\20160923-175226_2.sql E:\www\sc-csm\Application\Common\Lib\Database.class.php 第 73 行.
NOTIC: [2] filesize(): stat failed for E:\www\sc-csm\Data\20160923-175226_2.sql E:\www\sc-csm\Application\Common\Lib\Database.class.php 第 73 行.
NOTIC: [2] filesize(): stat failed for E:\www\sc-csm\Data\20160923-175226_2.sql E:\www\sc-csm\Application\Common\Lib\Database.class.php 第 73 行.
NOTIC: [2] filesize(): stat failed for E:\www\sc-csm\Data\20160923-175226_2.sql E:\www\sc-csm\Application\Common\Lib\Database.class.php 第 73 行.
NOTIC: [2] filesize(): stat failed for E:\www\sc-csm\Data\20160923-175226_2.sql E:\www\sc-csm\Application\Common\Lib\Database.class.php 第 73 行.
NOTIC: [2] filesize(): stat failed for E:\www\sc-csm\Data\20160923-175226_2.sql E:\www\sc-csm\Application\Common\Lib\Database.class.php 第 73 行.
NOTIC: [2] filesize(): stat failed for E:\www\sc-csm\Data\20160923-175226_2.sql E:\www\sc-csm\Application\Common\Lib\Database.class.php 第 73 行.
NOTIC: [2] filesize(): stat failed for E:\www\sc-csm\Data\20160923-175226_2.sql E:\www\sc-csm\Application\Common\Lib\Database.class.php 第 73 行.
NOTIC: [2] filesize(): stat failed for E:\www\sc-csm\Data\20160923-175226_2.sql E:\www\sc-csm\Application\Common\Lib\Database.class.php 第 73 行.
NOTIC: [2] filesize(): stat failed for E:\www\sc-csm\Data\20160923-175226_2.sql E:\www\sc-csm\Application\Common\Lib\Database.class.php 第 73 行.
NOTIC: [2] filesize(): stat failed for E:\www\sc-csm\Data\20160923-175226_2.sql E:\www\sc-csm\Application\Common\Lib\Database.class.php 第 73 行.
NOTIC: [2] filesize(): stat failed for E:\www\sc-csm\Data\20160923-175226_2.sql E:\www\sc-csm\Application\Common\Lib\Database.class.php 第 73 行.
NOTIC: [2] filesize(): stat failed for E:\www\sc-csm\Data\20160923-175226_2.sql E:\www\sc-csm\Application\Common\Lib\Database.class.php 第 73 行.
NOTIC: [2] filesize(): stat failed for E:\www\sc-csm\Data\20160923-175226_2.sql E:\www\sc-csm\Application\Common\Lib\Database.class.php 第 73 行.
NOTIC: [2] filesize(): stat failed for E:\www\sc-csm\Data\20160923-175226_2.sql E:\www\sc-csm\Application\Common\Lib\Database.class.php 第 73 行.
NOTIC: [2] filesize(): stat failed for E:\www\sc-csm\Data\20160923-175226_2.sql E:\www\sc-csm\Application\Common\Lib\Database.class.php 第 73 行.
NOTIC: [2] filesize(): stat failed for E:\www\sc-csm\Data\20160923-175226_2.sql E:\www\sc-csm\Application\Common\Lib\Database.class.php 第 73 行.
NOTIC: [2] filesize(): stat failed for E:\www\sc-csm\Data\20160923-175226_2.sql E:\www\sc-csm\Application\Common\Lib\Database.class.php 第 73 行.
NOTIC: [2] filesize(): stat failed for E:\www\sc-csm\Data\20160923-175226_2.sql E:\www\sc-csm\Application\Common\Lib\Database.class.php 第 73 行.
NOTIC: [2] filesize(): stat failed for E:\www\sc-csm\Data\20160923-175226_2.sql E:\www\sc-csm\Application\Common\Lib\Database.class.php 第 73 行.
NOTIC: [2] filesize(): stat failed for E:\www\sc-csm\Data\20160923-175226_2.sql E:\www\sc-csm\Application\Common\Lib\Database.class.php 第 73 行.
NOTIC: [2] filesize(): stat failed for E:\www\sc-csm\Data\20160923-175226_2.sql E:\www\sc-csm\Application\Common\Lib\Database.class.php 第 73 行.
NOTIC: [2] filesize(): stat failed for E:\www\sc-csm\Data\20160923-175226_2.sql E:\www\sc-csm\Application\Common\Lib\Database.class.php 第 73 行.
NOTIC: [2] filesize(): stat failed for E:\www\sc-csm\Data\20160923-175226_2.sql E:\www\sc-csm\Application\Common\Lib\Database.class.php 第 73 行.
SQL: SHOW CREATE TABLE `sc_config` [ RunTime:0.0001s ]
NOTIC: [2] filesize(): stat failed for E:\www\sc-csm\Data\20160923-175226_2.sql E:\www\sc-csm\Application\Common\Lib\Database.class.php 第 73 行.
SQL: SELECT COUNT(*) AS count FROM `sc_config` [ RunTime:0.0001s ]
NOTIC: [2] filesize(): stat failed for E:\www\sc-csm\Data\20160923-175226_2.sql E:\www\sc-csm\Application\Common\Lib\Database.class.php 第 73 行.
SQL: SELECT * FROM `sc_config` [ RunTime:0.0002s ]
NOTIC: [2] filesize(): stat failed for E:\www\sc-csm\Data\20160923-175226_2.sql E:\www\sc-csm\Application\Common\Lib\Database.class.php 第 73 行.
NOTIC: [2] filesize(): stat failed for E:\www\sc-csm\Data\20160923-175226_2.sql E:\www\sc-csm\Application\Common\Lib\Database.class.php 第 73 行.
NOTIC: [2] filesize(): stat failed for E:\www\sc-csm\Data\20160923-175226_2.sql E:\www\sc-csm\Application\Common\Lib\Database.class.php 第 73 行.
NOTIC: [2] filesize(): stat failed for E:\www\sc-csm\Data\20160923-175226_2.sql E:\www\sc-csm\Application\Common\Lib\Database.class.php 第 73 行.
NOTIC: [2] filesize(): stat failed for E:\www\sc-csm\Data\20160923-175226_2.sql E:\www\sc-csm\Application\Common\Lib\Database.class.php 第 73 行.
NOTIC: [2] filesize(): stat failed for E:\www\sc-csm\Data\20160923-175226_2.sql E:\www\sc-csm\Application\Common\Lib\Database.class.php 第 73 行.
NOTIC: [2] filesize(): stat failed for E:\www\sc-csm\Data\20160923-175226_2.sql E:\www\sc-csm\Application\Common\Lib\Database.class.php 第 73 行.
NOTIC: [2] filesize(): stat failed for E:\www\sc-csm\Data\20160923-175226_2.sql E:\www\sc-csm\Application\Common\Lib\Database.class.php 第 73 行.
NOTIC: [2] filesize(): stat failed for E:\www\sc-csm\Data\20160923-175226_2.sql E:\www\sc-csm\Application\Common\Lib\Database.class.php 第 73 行.
NOTIC: [2] filesize(): stat failed for E:\www\sc-csm\Data\20160923-175226_2.sql E:\www\sc-csm\Application\Common\Lib\Database.class.php 第 73 行.
NOTIC: [2] filesize(): stat failed for E:\www\sc-csm\Data\20160923-175226_2.sql E:\www\sc-csm\Application\Common\Lib\Database.class.php 第 73 行.
NOTIC: [2] filesize(): stat failed for E:\www\sc-csm\Data\20160923-175226_2.sql E:\www\sc-csm\Application\Common\Lib\Database.class.php 第 73 行.
NOTIC: [2] filesize(): stat failed for E:\www\sc-csm\Data\20160923-175226_2.sql E:\www\sc-csm\Application\Common\Lib\Database.class.php 第 73 行.
NOTIC: [2] filesize(): stat failed for E:\www\sc-csm\Data\20160923-175226_2.sql E:\www\sc-csm\Application\Common\Lib\Database.class.php 第 73 行.
NOTIC: [2] filesize(): stat failed for E:\www\sc-csm\Data\20160923-175226_2.sql E:\www\sc-csm\Application\Common\Lib\Database.class.php 第 73 行.
NOTIC: [2] filesize(): stat failed for E:\www\sc-csm\Data\20160923-175226_2.sql E:\www\sc-csm\Application\Common\Lib\Database.class.php 第 73 行.
NOTIC: [2] filesize(): stat failed for E:\www\sc-csm\Data\20160923-175226_2.sql E:\www\sc-csm\Application\Common\Lib\Database.class.php 第 73 行.
SQL: SHOW CREATE TABLE `sc_manager` [ RunTime:0.0002s ]
NOTIC: [2] filesize(): stat failed for E:\www\sc-csm\Data\20160923-175226_2.sql E:\www\sc-csm\Application\Common\Lib\Database.class.php 第 73 行.
SQL: SELECT COUNT(*) AS count FROM `sc_manager` [ RunTime:0.0002s ]
NOTIC: [2] filesize(): stat failed for E:\www\sc-csm\Data\20160923-175226_2.sql E:\www\sc-csm\Application\Common\Lib\Database.class.php 第 73 行.
SQL: SELECT * FROM `sc_manager` [ RunTime:0.0001s ]
NOTIC: [2] filesize(): stat failed for E:\www\sc-csm\Data\20160923-175226_2.sql E:\www\sc-csm\Application\Common\Lib\Database.class.php 第 73 行.
NOTIC: [2] filesize(): stat failed for E:\www\sc-csm\Data\20160923-175226_2.sql E:\www\sc-csm\Application\Common\Lib\Database.class.php 第 73 行.

[ 2016-09-23T17:52:26+08:00 ] 127.0.0.1 /index.php/Admin/Database/index.html?_=1474624346392
INFO: [ app_init ] --START--
INFO: Run Behavior\BuildLiteBehavior [ RunTime:0.000009s ]
INFO: [ app_init ] --END-- [ RunTime:0.000243s ]
INFO: [ app_begin ] --START--
INFO: Run Behavior\ReadHtmlCacheBehavior [ RunTime:0.000298s ]
INFO: [ app_begin ] --END-- [ RunTime:0.000327s ]
SQL: SHOW TABLE STATUS [ RunTime:0.0006s ]
INFO: [ view_parse ] --START--
INFO: [ template_filter ] --START--
INFO: Run Behavior\ContentReplaceBehavior [ RunTime:0.000037s ]
INFO: [ template_filter ] --END-- [ RunTime:0.000070s ]
NOTIC: [8] Undefined index: id E:\www\sc-csm\Application\Runtime\Cache\Admin\ccc7b197a1af74c5328156e7d3a8fe0b.php 第 26 行.
NOTIC: [8] Undefined index: id E:\www\sc-csm\Application\Runtime\Cache\Admin\ccc7b197a1af74c5328156e7d3a8fe0b.php 第 26 行.
NOTIC: [8] Undefined index: id E:\www\sc-csm\Application\Runtime\Cache\Admin\ccc7b197a1af74c5328156e7d3a8fe0b.php 第 26 行.
NOTIC: [8] Undefined index: id E:\www\sc-csm\Application\Runtime\Cache\Admin\ccc7b197a1af74c5328156e7d3a8fe0b.php 第 26 行.
NOTIC: [8] Undefined index: id E:\www\sc-csm\Application\Runtime\Cache\Admin\ccc7b197a1af74c5328156e7d3a8fe0b.php 第 26 行.
NOTIC: [8] Undefined index: id E:\www\sc-csm\Application\Runtime\Cache\Admin\ccc7b197a1af74c5328156e7d3a8fe0b.php 第 26 行.
NOTIC: [8] Undefined index: id E:\www\sc-csm\Application\Runtime\Cache\Admin\ccc7b197a1af74c5328156e7d3a8fe0b.php 第 26 行.
INFO: Run Behavior\ParseTemplateBehavior [ RunTime:0.004942s ]
INFO: [ view_parse ] --END-- [ RunTime:0.004970s ]
INFO: [ view_filter ] --START--
INFO: Run Behavior\WriteHtmlCacheBehavior [ RunTime:0.000184s ]
INFO: [ view_filter ] --END-- [ RunTime:0.000205s ]
INFO: [ app_end ] --START--
INFO: Run Behavior\ShowPageTraceBehavior [ RunTime:0.000292s ]
INFO: [ app_end ] --END-- [ RunTime:0.000315s ]

[ 2016-09-23T17:52:28+08:00 ] 127.0.0.1 /index.php/Admin/Database/importList.html?_=1474624348205
INFO: [ app_init ] --START--
INFO: Run Behavior\BuildLiteBehavior [ RunTime:0.000008s ]
INFO: [ app_init ] --END-- [ RunTime:0.000230s ]
INFO: [ app_begin ] --START--
INFO: Run Behavior\ReadHtmlCacheBehavior [ RunTime:0.000287s ]
INFO: [ app_begin ] --END-- [ RunTime:0.000315s ]
NOTIC: [2048] Only variables should be passed by reference E:\www\sc-csm\Application\Admin\Controller\DatabaseController.class.php 第 91 行.
NOTIC: [2048] Only variables should be passed by reference E:\www\sc-csm\Application\Admin\Controller\DatabaseController.class.php 第 93 行.
NOTIC: [2048] Only variables should be passed by reference E:\www\sc-csm\Application\Admin\Controller\DatabaseController.class.php 第 91 行.
NOTIC: [2048] Only variables should be passed by reference E:\www\sc-csm\Application\Admin\Controller\DatabaseController.class.php 第 93 行.
NOTIC: [2048] Only variables should be passed by reference E:\www\sc-csm\Application\Admin\Controller\DatabaseController.class.php 第 91 行.
NOTIC: [2048] Only variables should be passed by reference E:\www\sc-csm\Application\Admin\Controller\DatabaseController.class.php 第 93 行.
NOTIC: [2048] Only variables should be passed by reference E:\www\sc-csm\Application\Admin\Controller\DatabaseController.class.php 第 91 行.
NOTIC: [2048] Only variables should be passed by reference E:\www\sc-csm\Application\Admin\Controller\DatabaseController.class.php 第 93 行.
NOTIC: [2048] Only variables should be passed by reference E:\www\sc-csm\Application\Admin\Controller\DatabaseController.class.php 第 91 行.
NOTIC: [2048] Only variables should be passed by reference E:\www\sc-csm\Application\Admin\Controller\DatabaseController.class.php 第 93 行.
NOTIC: [2048] Only variables should be passed by reference E:\www\sc-csm\Application\Admin\Controller\DatabaseController.class.php 第 91 行.
NOTIC: [2048] Only variables should be passed by reference E:\www\sc-csm\Application\Admin\Controller\DatabaseController.class.php 第 93 行.
NOTIC: [2048] Only variables should be passed by reference E:\www\sc-csm\Application\Admin\Controller\DatabaseController.class.php 第 91 行.
NOTIC: [2048] Only variables should be passed by reference E:\www\sc-csm\Application\Admin\Controller\DatabaseController.class.php 第 93 行.
NOTIC: [2048] Only variables should be passed by reference E:\www\sc-csm\Application\Admin\Controller\DatabaseController.class.php 第 91 行.
NOTIC: [2048] Only variables should be passed by reference E:\www\sc-csm\Application\Admin\Controller\DatabaseController.class.php 第 93 行.
NOTIC: [2048] Only variables should be passed by reference E:\www\sc-csm\Application\Admin\Controller\DatabaseController.class.php 第 91 行.
NOTIC: [2048] Only variables should be passed by reference E:\www\sc-csm\Application\Admin\Controller\DatabaseController.class.php 第 93 行.
NOTIC: [2048] Only variables should be passed by reference E:\www\sc-csm\Application\Admin\Controller\DatabaseController.class.php 第 91 行.
NOTIC: [2048] Only variables should be passed by reference E:\www\sc-csm\Application\Admin\Controller\DatabaseController.class.php 第 93 行.
INFO: [ view_parse ] --START--
INFO: [ template_filter ] --START--
INFO: Run Behavior\ContentReplaceBehavior [ RunTime:0.000029s ]
INFO: [ template_filter ] --END-- [ RunTime:0.000056s ]
NOTIC: [8] Undefined index: id E:\www\sc-csm\Application\Runtime\Cache\Admin\c55d5b46d1cd8389cd549fa2ea06cc69.php 第 14 行.
NOTIC: [8] Use of undefined constant import - assumed 'import' E:\www\sc-csm\Application\Runtime\Cache\Admin\c55d5b46d1cd8389cd549fa2ea06cc69.php 第 22 行.
NOTIC: [8] Undefined index: id E:\www\sc-csm\Application\Runtime\Cache\Admin\c55d5b46d1cd8389cd549fa2ea06cc69.php 第 14 行.
NOTIC: [8] Use of undefined constant import - assumed 'import' E:\www\sc-csm\Application\Runtime\Cache\Admin\c55d5b46d1cd8389cd549fa2ea06cc69.php 第 22 行.
NOTIC: [8] Undefined index: id E:\www\sc-csm\Application\Runtime\Cache\Admin\c55d5b46d1cd8389cd549fa2ea06cc69.php 第 14 行.
NOTIC: [8] Use of undefined constant import - assumed 'import' E:\www\sc-csm\Application\Runtime\Cache\Admin\c55d5b46d1cd8389cd549fa2ea06cc69.php 第 22 行.
NOTIC: [8] Undefined index: id E:\www\sc-csm\Application\Runtime\Cache\Admin\c55d5b46d1cd8389cd549fa2ea06cc69.php 第 14 行.
NOTIC: [8] Use of undefined constant import - assumed 'import' E:\www\sc-csm\Application\Runtime\Cache\Admin\c55d5b46d1cd8389cd549fa2ea06cc69.php 第 22 行.
NOTIC: [8] Undefined index: id E:\www\sc-csm\Application\Runtime\Cache\Admin\c55d5b46d1cd8389cd549fa2ea06cc69.php 第 14 行.
NOTIC: [8] Use of undefined constant import - assumed 'import' E:\www\sc-csm\Application\Runtime\Cache\Admin\c55d5b46d1cd8389cd549fa2ea06cc69.php 第 22 行.
NOTIC: [8] Undefined index: id E:\www\sc-csm\Application\Runtime\Cache\Admin\c55d5b46d1cd8389cd549fa2ea06cc69.php 第 14 行.
NOTIC: [8] Use of undefined constant import - assumed 'import' E:\www\sc-csm\Application\Runtime\Cache\Admin\c55d5b46d1cd8389cd549fa2ea06cc69.php 第 22 行.
NOTIC: [8] Undefined index: id E:\www\sc-csm\Application\Runtime\Cache\Admin\c55d5b46d1cd8389cd549fa2ea06cc69.php 第 14 行.
NOTIC: [8] Use of undefined constant import - assumed 'import' E:\www\sc-csm\Application\Runtime\Cache\Admin\c55d5b46d1cd8389cd549fa2ea06cc69.php 第 22 行.
NOTIC: [8] Undefined index: id E:\www\sc-csm\Application\Runtime\Cache\Admin\c55d5b46d1cd8389cd549fa2ea06cc69.php 第 14 行.
NOTIC: [8] Use of undefined constant import - assumed 'import' E:\www\sc-csm\Application\Runtime\Cache\Admin\c55d5b46d1cd8389cd549fa2ea06cc69.php 第 22 行.
NOTIC: [8] Undefined index: id E:\www\sc-csm\Application\Runtime\Cache\Admin\c55d5b46d1cd8389cd549fa2ea06cc69.php 第 14 行.
NOTIC: [8] Use of undefined constant import - assumed 'import' E:\www\sc-csm\Application\Runtime\Cache\Admin\c55d5b46d1cd8389cd549fa2ea06cc69.php 第 22 行.
NOTIC: [8] Undefined index: id E:\www\sc-csm\Application\Runtime\Cache\Admin\c55d5b46d1cd8389cd549fa2ea06cc69.php 第 14 行.
NOTIC: [8] Use of undefined constant import - assumed 'import' E:\www\sc-csm\Application\Runtime\Cache\Admin\c55d5b46d1cd8389cd549fa2ea06cc69.php 第 22 行.
INFO: Run Behavior\ParseTemplateBehavior [ RunTime:0.004583s ]
INFO: [ view_parse ] --END-- [ RunTime:0.004607s ]
INFO: [ view_filter ] --START--
INFO: Run Behavior\WriteHtmlCacheBehavior [ RunTime:0.000166s ]
INFO: [ view_filter ] --END-- [ RunTime:0.000186s ]
INFO: [ app_end ] --START--
INFO: Run Behavior\ShowPageTraceBehavior [ RunTime:0.000332s ]
INFO: [ app_end ] --END-- [ RunTime:0.000356s ]

